This is pdfTeX, Version 3.14159265-2.6-1.40.19 (MiKTeX 2.9.6930) (preloaded format=pdflatex 2019.1.28)  26 NOV 2019 11:41
entering extended mode
**./qpolr.tex
(qpolr.tex
LaTeX2e <2018-12-01>
("/Library/Application Support/MiKTeX/texmfs/install/tex/latex/base/book.cls"
Document Class: book 2018/09/03 v1.4i Standard LaTeX document class
("/Library/Application Support/MiKTeX/texmfs/install/tex/latex/base/bk10.clo"
File: bk10.clo 2018/09/03 v1.4i Standard LaTeX file (size option)
)
\c@part=\count80
\c@chapter=\count81
\c@section=\count82
\c@subsection=\count83
\c@subsubsection=\count84
\c@paragraph=\count85
\c@subparagraph=\count86
\c@figure=\count87
\c@table=\count88
\abovecaptionskip=\skip41
\belowcaptionskip=\skip42
\bibindent=\dimen102
) ("/Library/Application Support/MiKTeX/texmfs/install/tex/latex/lm/lmodern.sty
"
Package: lmodern 2009/10/30 v1.6 Latin Modern Fonts
LaTeX Font Info:    Overwriting symbol font `operators' in version `normal'
(Font)                  OT1/cmr/m/n --> OT1/lmr/m/n on input line 22.
LaTeX Font Info:    Overwriting symbol font `letters' in version `normal'
(Font)                  OML/cmm/m/it --> OML/lmm/m/it on input line 23.
LaTeX Font Info:    Overwriting symbol font `symbols' in version `normal'
(Font)                  OMS/cmsy/m/n --> OMS/lmsy/m/n on input line 24.
LaTeX Font Info:    Overwriting symbol font `largesymbols' in version `normal'
(Font)                  OMX/cmex/m/n --> OMX/lmex/m/n on input line 25.
LaTeX Font Info:    Overwriting symbol font `operators' in version `bold'
(Font)                  OT1/cmr/bx/n --> OT1/lmr/bx/n on input line 26.
LaTeX Font Info:    Overwriting symbol font `letters' in version `bold'
(Font)                  OML/cmm/b/it --> OML/lmm/b/it on input line 27.
LaTeX Font Info:    Overwriting symbol font `symbols' in version `bold'
(Font)                  OMS/cmsy/b/n --> OMS/lmsy/b/n on input line 28.
LaTeX Font Info:    Overwriting symbol font `largesymbols' in version `bold'
(Font)                  OMX/cmex/m/n --> OMX/lmex/m/n on input line 29.
LaTeX Font Info:    Overwriting math alphabet `\mathbf' in version `normal'
(Font)                  OT1/cmr/bx/n --> OT1/lmr/bx/n on input line 31.
LaTeX Font Info:    Overwriting math alphabet `\mathsf' in version `normal'
(Font)                  OT1/cmss/m/n --> OT1/lmss/m/n on input line 32.
LaTeX Font Info:    Overwriting math alphabet `\mathit' in version `normal'
(Font)                  OT1/cmr/m/it --> OT1/lmr/m/it on input line 33.
LaTeX Font Info:    Overwriting math alphabet `\mathtt' in version `normal'
(Font)                  OT1/cmtt/m/n --> OT1/lmtt/m/n on input line 34.
LaTeX Font Info:    Overwriting math alphabet `\mathbf' in version `bold'
(Font)                  OT1/cmr/bx/n --> OT1/lmr/bx/n on input line 35.
LaTeX Font Info:    Overwriting math alphabet `\mathsf' in version `bold'
(Font)                  OT1/cmss/bx/n --> OT1/lmss/bx/n on input line 36.
LaTeX Font Info:    Overwriting math alphabet `\mathit' in version `bold'
(Font)                  OT1/cmr/bx/it --> OT1/lmr/bx/it on input line 37.
LaTeX Font Info:    Overwriting math alphabet `\mathtt' in version `bold'
(Font)                  OT1/cmtt/m/n --> OT1/lmtt/m/n on input line 38.
)
("/Library/Application Support/MiKTeX/texmfs/install/tex/latex/amsfonts/amssymb
.sty"
Package: amssymb 2013/01/14 v3.01 AMS font symbols

("/Library/Application Support/MiKTeX/texmfs/install/tex/latex/amsfonts/amsfont
s.sty"
Package: amsfonts 2013/01/14 v3.01 Basic AMSFonts support
\@emptytoks=\toks14
\symAMSa=\mathgroup4
\symAMSb=\mathgroup5
LaTeX Font Info:    Overwriting math alphabet `\mathfrak' in version `bold'
(Font)                  U/euf/m/n --> U/euf/b/n on input line 106.
))
("/Library/Application Support/MiKTeX/texmfs/install/tex/latex/amsmath/amsmath.
sty"
Package: amsmath 2018/12/01 v2.17b AMS math features
\@mathmargin=\skip43
For additional information on amsmath, use the `?' option.

("/Library/Application Support/MiKTeX/texmfs/install/tex/latex/amsmath/amstext.
sty"
Package: amstext 2000/06/29 v2.01 AMS text

("/Library/Application Support/MiKTeX/texmfs/install/tex/latex/amsmath/amsgen.s
ty"
File: amsgen.sty 1999/11/30 v2.0 generic functions
\@emptytoks=\toks15
\ex@=\dimen103
))
("/Library/Application Support/MiKTeX/texmfs/install/tex/latex/amsmath/amsbsy.s
ty"
Package: amsbsy 1999/11/29 v1.2d Bold Symbols
\pmbraise@=\dimen104
)
("/Library/Application Support/MiKTeX/texmfs/install/tex/latex/amsmath/amsopn.s
ty"
Package: amsopn 2016/03/08 v2.02 operator names
)
\inf@bad=\count89
LaTeX Info: Redefining \frac on input line 223.
\uproot@=\count90
\leftroot@=\count91
LaTeX Info: Redefining \overline on input line 385.
\classnum@=\count92
\DOTSCASE@=\count93
LaTeX Info: Redefining \ldots on input line 482.
LaTeX Info: Redefining \dots on input line 485.
LaTeX Info: Redefining \cdots on input line 606.
\Mathstrutbox@=\box27
\strutbox@=\box28
\big@size=\dimen105
LaTeX Font Info:    Redeclaring font encoding OML on input line 729.
LaTeX Font Info:    Redeclaring font encoding OMS on input line 730.
\macc@depth=\count94
\c@MaxMatrixCols=\count95
\dotsspace@=\muskip10
\c@parentequation=\count96
\dspbrk@lvl=\count97
\tag@help=\toks16
\row@=\count98
\column@=\count99
\maxfields@=\count100
\andhelp@=\toks17
\eqnshift@=\dimen106
\alignsep@=\dimen107
\tagshift@=\dimen108
\tagwidth@=\dimen109
\totwidth@=\dimen110
\lineht@=\dimen111
\@envbody=\toks18
\multlinegap=\skip44
\multlinetaggap=\skip45
\mathdisplay@stack=\toks19
LaTeX Info: Redefining \[ on input line 2844.
LaTeX Info: Redefining \] on input line 2845.
)
("/Library/Application Support/MiKTeX/texmfs/install/tex/generic/ifxetex/ifxete
x.sty"
Package: ifxetex 2010/09/12 v0.6 Provides ifxetex conditional
)
("/Library/Application Support/MiKTeX/texmfs/install/tex/generic/oberdiek/iflua
tex.sty"
Package: ifluatex 2016/05/16 v1.4 Provides the ifluatex switch (HO)
Package ifluatex Info: LuaTeX not detected.
)
("/Library/Application Support/MiKTeX/texmfs/install/tex/latex/base/fixltx2e.st
y"
Package: fixltx2e 2016/12/29 v2.1a fixes to LaTeX (obsolete)
Applying: [2015/01/01] Old fixltx2e package on input line 46.

Package fixltx2e Warning: fixltx2e is not required with releases after 2015
(fixltx2e)                All fixes are now in the LaTeX kernel.
(fixltx2e)                See the latexrelease package for details.

Already applied: [0000/00/00] Old fixltx2e package on input line 53.
) ("/Library/Application Support/MiKTeX/texmfs/install/tex/latex/base/fontenc.s
ty"
Package: fontenc 2018/08/11 v2.0j Standard LaTeX package
("/Library/Application Support/MiKTeX/texmfs/install/tex/latex/base/t1enc.def"
File: t1enc.def 2018/08/11 v2.0j Standard LaTeX file
LaTeX Font Info:    Redeclaring font encoding T1 on input line 48.
))
("/Library/Application Support/MiKTeX/texmfs/install/tex/latex/base/inputenc.st
y"
Package: inputenc 2018/08/11 v1.3c Input encoding file
\inpenc@prehook=\toks20
\inpenc@posthook=\toks21
)
("/Users/erikgahnerlarsen/Library/Application Support/MiKTeX/texmfs/install/tex
/latex/upquote/upquote.sty"
Package: upquote 2012/04/19 v1.3 upright-quote and grave-accent glyphs in verba
tim

("/Library/Application Support/MiKTeX/texmfs/install/tex/latex/base/textcomp.st
y"
Package: textcomp 2018/08/11 v2.0j Standard LaTeX package
Package textcomp Info: Sub-encoding information:
(textcomp)               5 = only ISO-Adobe without \textcurrency
(textcomp)               4 = 5 + \texteuro
(textcomp)               3 = 4 + \textohm
(textcomp)               2 = 3 + \textestimated + \textcurrency
(textcomp)               1 = TS1 - \textcircled - \t
(textcomp)               0 = TS1 (full)
(textcomp)             Font families with sub-encoding setting implement
(textcomp)             only a restricted character set as indicated.
(textcomp)             Family '?' is the default used for unknown fonts.
(textcomp)             See the documentation for details.
Package textcomp Info: Setting ? sub-encoding to TS1/1 on input line 79.
("/Library/Application Support/MiKTeX/texmfs/install/tex/latex/base/ts1enc.def"
File: ts1enc.def 2001/06/05 v3.0e (jk/car/fm) Standard LaTeX file
Now handling font encoding TS1 ...
... processing UTF-8 mapping file for font encoding TS1
("/Library/Application Support/MiKTeX/texmfs/install/tex/latex/base/ts1enc.dfu"
File: ts1enc.dfu 2018/10/05 v1.2f UTF-8 support for inputenc
   defining Unicode char U+00A2 (decimal 162)
   defining Unicode char U+00A3 (decimal 163)
   defining Unicode char U+00A4 (decimal 164)
   defining Unicode char U+00A5 (decimal 165)
   defining Unicode char U+00A6 (decimal 166)
   defining Unicode char U+00A7 (decimal 167)
   defining Unicode char U+00A8 (decimal 168)
   defining Unicode char U+00A9 (decimal 169)
   defining Unicode char U+00AA (decimal 170)
   defining Unicode char U+00AC (decimal 172)
   defining Unicode char U+00AE (decimal 174)
   defining Unicode char U+00AF (decimal 175)
   defining Unicode char U+00B0 (decimal 176)
   defining Unicode char U+00B1 (decimal 177)
   defining Unicode char U+00B2 (decimal 178)
   defining Unicode char U+00B3 (decimal 179)
   defining Unicode char U+00B4 (decimal 180)
   defining Unicode char U+00B5 (decimal 181)
   defining Unicode char U+00B6 (decimal 182)
   defining Unicode char U+00B7 (decimal 183)
   defining Unicode char U+00B9 (decimal 185)
   defining Unicode char U+00BA (decimal 186)
   defining Unicode char U+00BC (decimal 188)
   defining Unicode char U+00BD (decimal 189)
   defining Unicode char U+00BE (decimal 190)
   defining Unicode char U+00D7 (decimal 215)
   defining Unicode char U+00F7 (decimal 247)
   defining Unicode char U+0192 (decimal 402)
   defining Unicode char U+02C7 (decimal 711)
   defining Unicode char U+02D8 (decimal 728)
   defining Unicode char U+02DD (decimal 733)
   defining Unicode char U+0E3F (decimal 3647)
   defining Unicode char U+2016 (decimal 8214)
   defining Unicode char U+2020 (decimal 8224)
   defining Unicode char U+2021 (decimal 8225)
   defining Unicode char U+2022 (decimal 8226)
   defining Unicode char U+2030 (decimal 8240)
   defining Unicode char U+2031 (decimal 8241)
   defining Unicode char U+203B (decimal 8251)
   defining Unicode char U+203D (decimal 8253)
   defining Unicode char U+2044 (decimal 8260)
   defining Unicode char U+204E (decimal 8270)
   defining Unicode char U+2052 (decimal 8274)
   defining Unicode char U+20A1 (decimal 8353)
   defining Unicode char U+20A4 (decimal 8356)
   defining Unicode char U+20A6 (decimal 8358)
   defining Unicode char U+20A9 (decimal 8361)
   defining Unicode char U+20AB (decimal 8363)
   defining Unicode char U+20AC (decimal 8364)
   defining Unicode char U+20B1 (decimal 8369)
   defining Unicode char U+2103 (decimal 8451)
   defining Unicode char U+2116 (decimal 8470)
   defining Unicode char U+2117 (decimal 8471)
   defining Unicode char U+211E (decimal 8478)
   defining Unicode char U+2120 (decimal 8480)
   defining Unicode char U+2122 (decimal 8482)
   defining Unicode char U+2126 (decimal 8486)
   defining Unicode char U+2127 (decimal 8487)
   defining Unicode char U+212E (decimal 8494)
   defining Unicode char U+2190 (decimal 8592)
   defining Unicode char U+2191 (decimal 8593)
   defining Unicode char U+2192 (decimal 8594)
   defining Unicode char U+2193 (decimal 8595)
   defining Unicode char U+2329 (decimal 9001)
   defining Unicode char U+232A (decimal 9002)
   defining Unicode char U+2422 (decimal 9250)
   defining Unicode char U+25E6 (decimal 9702)
   defining Unicode char U+25EF (decimal 9711)
   defining Unicode char U+266A (decimal 9834)
   defining Unicode char U+FEFF (decimal 65279)
))
LaTeX Info: Redefining \oldstylenums on input line 334.
Package textcomp Info: Setting cmr sub-encoding to TS1/0 on input line 349.
Package textcomp Info: Setting cmss sub-encoding to TS1/0 on input line 350.
Package textcomp Info: Setting cmtt sub-encoding to TS1/0 on input line 351.
Package textcomp Info: Setting cmvtt sub-encoding to TS1/0 on input line 352.
Package textcomp Info: Setting cmbr sub-encoding to TS1/0 on input line 353.
Package textcomp Info: Setting cmtl sub-encoding to TS1/0 on input line 354.
Package textcomp Info: Setting ccr sub-encoding to TS1/0 on input line 355.
Package textcomp Info: Setting ptm sub-encoding to TS1/4 on input line 356.
Package textcomp Info: Setting pcr sub-encoding to TS1/4 on input line 357.
Package textcomp Info: Setting phv sub-encoding to TS1/4 on input line 358.
Package textcomp Info: Setting ppl sub-encoding to TS1/3 on input line 359.
Package textcomp Info: Setting pag sub-encoding to TS1/4 on input line 360.
Package textcomp Info: Setting pbk sub-encoding to TS1/4 on input line 361.
Package textcomp Info: Setting pnc sub-encoding to TS1/4 on input line 362.
Package textcomp Info: Setting pzc sub-encoding to TS1/4 on input line 363.
Package textcomp Info: Setting bch sub-encoding to TS1/4 on input line 364.
Package textcomp Info: Setting put sub-encoding to TS1/5 on input line 365.
Package textcomp Info: Setting uag sub-encoding to TS1/5 on input line 366.
Package textcomp Info: Setting ugq sub-encoding to TS1/5 on input line 367.
Package textcomp Info: Setting ul8 sub-encoding to TS1/4 on input line 368.
Package textcomp Info: Setting ul9 sub-encoding to TS1/4 on input line 369.
Package textcomp Info: Setting augie sub-encoding to TS1/5 on input line 370.
Package textcomp Info: Setting dayrom sub-encoding to TS1/3 on input line 371.
Package textcomp Info: Setting dayroms sub-encoding to TS1/3 on input line 372.

Package textcomp Info: Setting pxr sub-encoding to TS1/0 on input line 373.
Package textcomp Info: Setting pxss sub-encoding to TS1/0 on input line 374.
Package textcomp Info: Setting pxtt sub-encoding to TS1/0 on input line 375.
Package textcomp Info: Setting txr sub-encoding to TS1/0 on input line 376.
Package textcomp Info: Setting txss sub-encoding to TS1/0 on input line 377.
Package textcomp Info: Setting txtt sub-encoding to TS1/0 on input line 378.
Package textcomp Info: Setting lmr sub-encoding to TS1/0 on input line 379.
Package textcomp Info: Setting lmdh sub-encoding to TS1/0 on input line 380.
Package textcomp Info: Setting lmss sub-encoding to TS1/0 on input line 381.
Package textcomp Info: Setting lmssq sub-encoding to TS1/0 on input line 382.
Package textcomp Info: Setting lmvtt sub-encoding to TS1/0 on input line 383.
Package textcomp Info: Setting lmtt sub-encoding to TS1/0 on input line 384.
Package textcomp Info: Setting qhv sub-encoding to TS1/0 on input line 385.
Package textcomp Info: Setting qag sub-encoding to TS1/0 on input line 386.
Package textcomp Info: Setting qbk sub-encoding to TS1/0 on input line 387.
Package textcomp Info: Setting qcr sub-encoding to TS1/0 on input line 388.
Package textcomp Info: Setting qcs sub-encoding to TS1/0 on input line 389.
Package textcomp Info: Setting qpl sub-encoding to TS1/0 on input line 390.
Package textcomp Info: Setting qtm sub-encoding to TS1/0 on input line 391.
Package textcomp Info: Setting qzc sub-encoding to TS1/0 on input line 392.
Package textcomp Info: Setting qhvc sub-encoding to TS1/0 on input line 393.
Package textcomp Info: Setting futs sub-encoding to TS1/4 on input line 394.
Package textcomp Info: Setting futx sub-encoding to TS1/4 on input line 395.
Package textcomp Info: Setting futj sub-encoding to TS1/4 on input line 396.
Package textcomp Info: Setting hlh sub-encoding to TS1/3 on input line 397.
Package textcomp Info: Setting hls sub-encoding to TS1/3 on input line 398.
Package textcomp Info: Setting hlst sub-encoding to TS1/3 on input line 399.
Package textcomp Info: Setting hlct sub-encoding to TS1/5 on input line 400.
Package textcomp Info: Setting hlx sub-encoding to TS1/5 on input line 401.
Package textcomp Info: Setting hlce sub-encoding to TS1/5 on input line 402.
Package textcomp Info: Setting hlcn sub-encoding to TS1/5 on input line 403.
Package textcomp Info: Setting hlcw sub-encoding to TS1/5 on input line 404.
Package textcomp Info: Setting hlcf sub-encoding to TS1/5 on input line 405.
Package textcomp Info: Setting pplx sub-encoding to TS1/3 on input line 406.
Package textcomp Info: Setting pplj sub-encoding to TS1/3 on input line 407.
Package textcomp Info: Setting ptmx sub-encoding to TS1/4 on input line 408.
Package textcomp Info: Setting ptmj sub-encoding to TS1/4 on input line 409.
))
("/Users/erikgahnerlarsen/Library/Application Support/MiKTeX/texmfs/install/tex
/latex/microtype/microtype.sty"
Package: microtype 2018/01/14 v2.7a Micro-typographical refinements (RS)

("/Library/Application Support/MiKTeX/texmfs/install/tex/latex/graphics/keyval.
sty"
Package: keyval 2014/10/28 v1.15 key=value parser (DPC)
\KV@toks@=\toks22
)
\MT@toks=\toks23
\MT@count=\count101
LaTeX Info: Redefining \textls on input line 793.
\MT@outer@kern=\dimen112
LaTeX Info: Redefining \textmicrotypecontext on input line 1339.
\MT@listname@count=\count102

("/Users/erikgahnerlarsen/Library/Application Support/MiKTeX/texmfs/install/tex
/latex/microtype/microtype-pdftex.def"
File: microtype-pdftex.def 2018/01/14 v2.7a Definitions specific to pdftex (RS)

LaTeX Info: Redefining \lsstyle on input line 913.
LaTeX Info: Redefining \lslig on input line 913.
\MT@outer@space=\skip46
)
Package microtype Info: Loading configuration file microtype.cfg.

("/Users/erikgahnerlarsen/Library/Application Support/MiKTeX/texmfs/install/tex
/latex/microtype/microtype.cfg"
File: microtype.cfg 2018/01/14 v2.7a microtype main configuration file (RS)
))
("/Library/Application Support/MiKTeX/texmfs/install/tex/latex/hyperref/hyperre
f.sty"
Package: hyperref 2018/11/30 v6.88e Hypertext links for LaTeX

("/Library/Application Support/MiKTeX/texmfs/install/tex/generic/oberdiek/hobsu
b-hyperref.sty"
Package: hobsub-hyperref 2016/05/16 v1.14 Bundle oberdiek, subset hyperref (HO)


("/Library/Application Support/MiKTeX/texmfs/install/tex/generic/oberdiek/hobsu
b-generic.sty"
Package: hobsub-generic 2016/05/16 v1.14 Bundle oberdiek, subset generic (HO)
Package: hobsub 2016/05/16 v1.14 Construct package bundles (HO)
Package: infwarerr 2016/05/16 v1.4 Providing info/warning/error messages (HO)
Package: ltxcmds 2016/05/16 v1.23 LaTeX kernel commands for general use (HO)
Package hobsub Info: Skipping package `ifluatex' (already loaded).
Package: ifvtex 2016/05/16 v1.6 Detect VTeX and its facilities (HO)
Package ifvtex Info: VTeX not detected.
Package: intcalc 2016/05/16 v1.2 Expandable calculations with integers (HO)
Package: ifpdf 2018/09/07 v3.3 Provides the ifpdf switch
Package: etexcmds 2016/05/16 v1.6 Avoid name clashes with e-TeX commands (HO)
Package: kvsetkeys 2016/05/16 v1.17 Key value parser (HO)
Package: kvdefinekeys 2016/05/16 v1.4 Define keys (HO)
Package: pdftexcmds 2018/09/10 v0.29 Utility functions of pdfTeX for LuaTeX (HO
)
Package pdftexcmds Info: LuaTeX not detected.
Package pdftexcmds Info: \pdf@primitive is available.
Package pdftexcmds Info: \pdf@ifprimitive is available.
Package pdftexcmds Info: \pdfdraftmode found.
Package: pdfescape 2016/05/16 v1.14 Implements pdfTeX's escape features (HO)
Package: bigintcalc 2016/05/16 v1.4 Expandable calculations on big integers (HO
)
Package: bitset 2016/05/16 v1.2 Handle bit-vector datatype (HO)
Package: uniquecounter 2016/05/16 v1.3 Provide unlimited unique counter (HO)
)
Package hobsub Info: Skipping package `hobsub' (already loaded).
Package: letltxmacro 2016/05/16 v1.5 Let assignment for LaTeX macros (HO)
Package: hopatch 2016/05/16 v1.3 Wrapper for package hooks (HO)
Package: xcolor-patch 2016/05/16 xcolor patch
Package: atveryend 2016/05/16 v1.9 Hooks at the very end of document (HO)
Package atveryend Info: \enddocument detected (standard20110627).
Package: atbegshi 2016/06/09 v1.18 At begin shipout hook (HO)
Package: refcount 2016/05/16 v3.5 Data extraction from label references (HO)
Package: hycolor 2016/05/16 v1.8 Color options for hyperref/bookmark (HO)
)
("/Library/Application Support/MiKTeX/texmfs/install/tex/latex/oberdiek/auxhook
.sty"
Package: auxhook 2016/05/16 v1.4 Hooks for auxiliary files (HO)
)
("/Library/Application Support/MiKTeX/texmfs/install/tex/latex/oberdiek/kvoptio
ns.sty"
Package: kvoptions 2016/05/16 v3.12 Key value format for package options (HO)
)
\@linkdim=\dimen113
\Hy@linkcounter=\count103
\Hy@pagecounter=\count104

("/Library/Application Support/MiKTeX/texmfs/install/tex/latex/hyperref/pd1enc.
def"
File: pd1enc.def 2018/11/30 v6.88e Hyperref: PDFDocEncoding definition (HO)
Now handling font encoding PD1 ...
... no UTF-8 mapping file for font encoding PD1
)
\Hy@SavedSpaceFactor=\count105

("/Library/Application Support/MiKTeX/texmfs/install/tex/latex/00miktex/hyperre
f.cfg"
File: hyperref.cfg 2002/06/06 v1.2 hyperref configuration of TeXLive
)
Package hyperref Info: Hyper figures OFF on input line 4519.
Package hyperref Info: Link nesting OFF on input line 4524.
Package hyperref Info: Hyper index ON on input line 4527.
Package hyperref Info: Plain pages OFF on input line 4534.
Package hyperref Info: Backreferencing OFF on input line 4539.
Package hyperref Info: Implicit mode ON; LaTeX internals redefined.
Package hyperref Info: Bookmarks ON on input line 4772.
\c@Hy@tempcnt=\count106

("/Users/erikgahnerlarsen/Library/Application Support/MiKTeX/texmfs/install/tex
/latex/url/url.sty"
\Urlmuskip=\muskip11
Package: url 2013/09/16  ver 3.4  Verb mode for urls, etc.
)
LaTeX Info: Redefining \url on input line 5125.
\XeTeXLinkMargin=\dimen114
\Fld@menulength=\count107
\Field@Width=\dimen115
\Fld@charsize=\dimen116
Package hyperref Info: Hyper figures OFF on input line 6380.
Package hyperref Info: Link nesting OFF on input line 6385.
Package hyperref Info: Hyper index ON on input line 6388.
Package hyperref Info: backreferencing OFF on input line 6395.
Package hyperref Info: Link coloring OFF on input line 6400.
Package hyperref Info: Link coloring with OCG OFF on input line 6405.
Package hyperref Info: PDF/A mode OFF on input line 6410.
LaTeX Info: Redefining \ref on input line 6450.
LaTeX Info: Redefining \pageref on input line 6454.
\Hy@abspage=\count108
\c@Item=\count109
\c@Hfootnote=\count110
)
Package hyperref Info: Driver (autodetected): hpdftex.

("/Library/Application Support/MiKTeX/texmfs/install/tex/latex/hyperref/hpdftex
.def"
File: hpdftex.def 2018/11/30 v6.88e Hyperref driver for pdfTeX
\Fld@listcount=\count111
\c@bookmark@seq@number=\count112

("/Library/Application Support/MiKTeX/texmfs/install/tex/latex/oberdiek/rerunfi
lecheck.sty"
Package: rerunfilecheck 2016/05/16 v1.8 Rerun checks for auxiliary files (HO)
Package uniquecounter Info: New unique counter `rerunfilecheck' on input line 2
82.
)
\Hy@SectionHShift=\skip47
)
Package hyperref Info: Option `unicode' set `true' on input line 29.

("/Library/Application Support/MiKTeX/texmfs/install/tex/latex/hyperref/puenc.d
ef"
File: puenc.def 2018/11/30 v6.88e Hyperref: PDF Unicode definition (HO)
Now handling font encoding PU ...
... no UTF-8 mapping file for font encoding PU
)
Package hyperref Info: Option `breaklinks' set `true' on input line 29.

("/Library/Application Support/MiKTeX/texmfs/install/tex/latex/graphics/color.s
ty"
Package: color 2016/07/10 v1.1e Standard LaTeX Color (DPC)

("/Library/Application Support/MiKTeX/texmfs/install/tex/latex/graphics-cfg/col
or.cfg"
File: color.cfg 2016/01/02 v1.6 sample color configuration
)
Package color Info: Driver file: pdftex.def on input line 147.

("/Library/Application Support/MiKTeX/texmfs/install/tex/latex/graphics-def/pdf
tex.def"
File: pdftex.def 2018/01/08 v1.0l Graphics/color driver for pdftex
))
("/Users/erikgahnerlarsen/Library/Application Support/MiKTeX/texmfs/install/tex
/latex/fancyvrb/fancyvrb.sty"
Package: fancyvrb 2019/01/15
Style option: `fancyvrb' v3.2a <2019/01/15> (tvz)
\FV@CodeLineNo=\count113
\FV@InFile=\read1
\FV@TabBox=\box29
\c@FancyVerbLine=\count114
\FV@StepNumber=\count115
\FV@OutFile=\write3
)
("/Users/erikgahnerlarsen/Library/Application Support/MiKTeX/texmfs/install/tex
/latex/framed/framed.sty"
Package: framed 2011/10/22 v 0.96: framed or shaded text with page breaks
\OuterFrameSep=\skip48
\fb@frw=\dimen117
\fb@frh=\dimen118
\FrameRule=\dimen119
\FrameSep=\dimen120
)
("/Library/Application Support/MiKTeX/texmfs/install/tex/latex/tools/longtable.
sty"
Package: longtable 2014/10/28 v4.11 Multi-page Table package (DPC)+ FMi change
\LTleft=\skip49
\LTright=\skip50
\LTpre=\skip51
\LTpost=\skip52
\LTchunksize=\count116
\LTcapwidth=\dimen121
\LT@head=\box30
\LT@firsthead=\box31
\LT@foot=\box32
\LT@lastfoot=\box33
\LT@cols=\count117
\LT@rows=\count118
\c@LT@tables=\count119
\c@LT@chunks=\count120
\LT@p@ftn=\toks24
)
("/Users/erikgahnerlarsen/Library/Application Support/MiKTeX/texmfs/install/tex
/latex/booktabs/booktabs.sty"
Package: booktabs 2005/04/14 v1.61803 publication quality tables
\heavyrulewidth=\dimen122
\lightrulewidth=\dimen123
\cmidrulewidth=\dimen124
\belowrulesep=\dimen125
\belowbottomsep=\dimen126
\aboverulesep=\dimen127
\abovetopsep=\dimen128
\cmidrulesep=\dimen129
\cmidrulekern=\dimen130
\defaultaddspace=\dimen131
\@cmidla=\count121
\@cmidlb=\count122
\@aboverulesep=\dimen132
\@belowrulesep=\dimen133
\@thisruleclass=\count123
\@lastruleclass=\count124
\@thisrulewidth=\dimen134
)
("/Library/Application Support/MiKTeX/texmfs/install/tex/latex/graphics/graphic
x.sty"
Package: graphicx 2017/06/01 v1.1a Enhanced LaTeX Graphics (DPC,SPQR)

("/Library/Application Support/MiKTeX/texmfs/install/tex/latex/graphics/graphic
s.sty"
Package: graphics 2017/06/25 v1.2c Standard LaTeX Graphics (DPC,SPQR)

("/Library/Application Support/MiKTeX/texmfs/install/tex/latex/graphics/trig.st
y"
Package: trig 2016/01/03 v1.10 sin cos tan (DPC)
)
("/Library/Application Support/MiKTeX/texmfs/install/tex/latex/graphics-cfg/gra
phics.cfg"
File: graphics.cfg 2016/06/04 v1.11 sample graphics configuration
)
Package graphics Info: Driver file: pdftex.def on input line 99.
)
\Gin@req@height=\dimen135
\Gin@req@width=\dimen136
)
("/Library/Application Support/MiKTeX/texmfs/install/tex/latex/oberdiek/grffile
.sty"
Package: grffile 2017/06/30 v1.18 Extended file name support for graphics (HO)
Package grffile Info: Option `multidot' is set to `true'.
Package grffile Info: Option `extendedchars' is set to `false'.
Package grffile Info: Option `space' is set to `true'.
Package grffile Info: \Gin@ii of package `graphicx' fixed on input line 494.
)
("/Users/erikgahnerlarsen/Library/Application Support/MiKTeX/texmfs/install/tex
/latex/parskip/parskip.sty"
Package: parskip 2019-01-16 v2.0c non-zero parskip adjustments

("/Users/erikgahnerlarsen/Library/Application Support/MiKTeX/texmfs/install/tex
/latex/etoolbox/etoolbox.sty"
Package: etoolbox 2018/08/19 v2.5f e-TeX tools for LaTeX (JAW)
\etb@tempcnta=\count125
))
("/Users/erikgahnerlarsen/Library/Application Support/MiKTeX/texmfs/install/tex
/latex/titling/titling.sty"
Package: titling 2009/09/04 v2.1d maketitle typesetting
\thanksmarkwidth=\skip53
\thanksmargin=\skip54
\droptitle=\skip55
) (qpolr.aux

LaTeX Warning: Label `data' multiply defined.

)
\openout1 = `qpolr.aux'.

LaTeX Font Info:    Checking defaults for OML/cmm/m/it on input line 132.
LaTeX Font Info:    ... okay on input line 132.
LaTeX Font Info:    Checking defaults for T1/cmr/m/n on input line 132.
LaTeX Font Info:    ... okay on input line 132.
LaTeX Font Info:    Checking defaults for OT1/cmr/m/n on input line 132.
LaTeX Font Info:    ... okay on input line 132.
LaTeX Font Info:    Checking defaults for OMS/cmsy/m/n on input line 132.
LaTeX Font Info:    ... okay on input line 132.
LaTeX Font Info:    Checking defaults for OMX/cmex/m/n on input line 132.
LaTeX Font Info:    ... okay on input line 132.
LaTeX Font Info:    Checking defaults for U/cmr/m/n on input line 132.
LaTeX Font Info:    ... okay on input line 132.
LaTeX Font Info:    Checking defaults for TS1/cmr/m/n on input line 132.
LaTeX Font Info:    Try loading font information for TS1+cmr on input line 132.

("/Library/Application Support/MiKTeX/texmfs/install/tex/latex/base/ts1cmr.fd"
File: ts1cmr.fd 2014/09/29 v2.5h Standard LaTeX font definitions
)
LaTeX Font Info:    ... okay on input line 132.
LaTeX Font Info:    Checking defaults for PD1/pdf/m/n on input line 132.
LaTeX Font Info:    ... okay on input line 132.
LaTeX Font Info:    Checking defaults for PU/pdf/m/n on input line 132.
LaTeX Font Info:    ... okay on input line 132.
LaTeX Font Info:    Try loading font information for T1+lmr on input line 132.
("/Library/Application Support/MiKTeX/texmfs/install/tex/latex/lm/t1lmr.fd"
File: t1lmr.fd 2009/10/30 v1.6 Font defs for Latin Modern
)
LaTeX Info: Redefining \microtypecontext on input line 132.
Package microtype Info: Generating PDF output.
Package microtype Info: Character protrusion enabled (level 2).
Package microtype Info: Using protrusion set `basicmath'.
Package microtype Info: Automatic font expansion enabled (level 2),
(microtype)             stretch: 20, shrink: 20, step: 1, non-selected.
Package microtype Info: Using default expansion set `basictext'.
Package microtype Info: No adjustment of tracking.
Package microtype Info: No adjustment of interword spacing.
Package microtype Info: No adjustment of character kerning.

("/Users/erikgahnerlarsen/Library/Application Support/MiKTeX/texmfs/install/tex
/latex/microtype/mt-cmr.cfg"
File: mt-cmr.cfg 2013/05/19 v2.2 microtype config. file: Computer Modern Roman 
(RS)
)
\AtBeginShipoutBox=\box34
Package hyperref Info: Link coloring OFF on input line 132.

("/Library/Application Support/MiKTeX/texmfs/install/tex/latex/hyperref/nameref
.sty"
Package: nameref 2016/05/21 v2.44 Cross-referencing by name of section

("/Library/Application Support/MiKTeX/texmfs/install/tex/generic/oberdiek/getti
tlestring.sty"
Package: gettitlestring 2016/05/16 v1.5 Cleanup title references (HO)
)
\c@section@level=\count126
)
LaTeX Info: Redefining \ref on input line 132.
LaTeX Info: Redefining \pageref on input line 132.
LaTeX Info: Redefining \nameref on input line 132.
(qpolr.out) (qpolr.out)
\@outlinefile=\write4
\openout4 = `qpolr.out'.


("/Users/erikgahnerlarsen/Library/Application Support/MiKTeX/texmfs/install/tex
/context/base/supp-pdf.mkii"
[Loading MPS to PDF converter (version 2006.09.02).]
\scratchcounter=\count127
\scratchdimen=\dimen137
\scratchbox=\box35
\nofMPsegments=\count128
\nofMParguments=\count129
\everyMPshowfont=\toks25
\MPscratchCnt=\count130
\MPscratchDim=\dimen138
\MPnumerator=\count131
\makeMPintoPDFobject=\count132
\everyMPtoPDFconversion=\toks26
)
("/Library/Application Support/MiKTeX/texmfs/install/tex/latex/oberdiek/epstopd
f-base.sty"
Package: epstopdf-base 2016/05/15 v2.6 Base part for package epstopdf

("/Library/Application Support/MiKTeX/texmfs/install/tex/latex/oberdiek/grfext.
sty"
Package: grfext 2016/05/16 v1.2 Manage graphics extensions (HO)
)
Package epstopdf-base Info: Redefining graphics rule for `.eps' on input line 4
38.
Package grfext Info: Graphics extension search list:
(grfext)             [.pdf,.png,.jpg,.mps,.jpeg,.jbig2,.jb2,.PDF,.PNG,.JPG,.JPE
G,.JBIG2,.JB2,.eps]
(grfext)             \AppendGraphicsExtensions on input line 456.
) [1


{/Users/erikgahnerlarsen/Library/Application Support/MiKTeX/texmfs/data/pdftex/
config/pdftex.map}] [2

] (qpolr.toc
LaTeX Font Info:    Try loading font information for T1+lmtt on input line 2.
("/Library/Application Support/MiKTeX/texmfs/install/tex/latex/lm/t1lmtt.fd"
File: t1lmtt.fd 2009/10/30 v1.6 Font defs for Latin Modern
)
LaTeX Font Info:    Try loading font information for OT1+lmr on input line 2.
("/Library/Application Support/MiKTeX/texmfs/install/tex/latex/lm/ot1lmr.fd"
File: ot1lmr.fd 2009/10/30 v1.6 Font defs for Latin Modern
)
LaTeX Font Info:    Try loading font information for OML+lmm on input line 2.
("/Library/Application Support/MiKTeX/texmfs/install/tex/latex/lm/omllmm.fd"
File: omllmm.fd 2009/10/30 v1.6 Font defs for Latin Modern
)
LaTeX Font Info:    Try loading font information for OMS+lmsy on input line 2.
("/Library/Application Support/MiKTeX/texmfs/install/tex/latex/lm/omslmsy.fd"
File: omslmsy.fd 2009/10/30 v1.6 Font defs for Latin Modern
)
LaTeX Font Info:    Try loading font information for OMX+lmex on input line 2.
("/Library/Application Support/MiKTeX/texmfs/install/tex/latex/lm/omxlmex.fd"
File: omxlmex.fd 2009/10/30 v1.6 Font defs for Latin Modern
)
LaTeX Font Info:    External font `lmex10' loaded for size
(Font)              <10> on input line 2.
LaTeX Font Info:    External font `lmex10' loaded for size
(Font)              <7> on input line 2.
LaTeX Font Info:    External font `lmex10' loaded for size
(Font)              <5> on input line 2.
LaTeX Font Info:    Try loading font information for U+msa on input line 2.
("/Library/Application Support/MiKTeX/texmfs/install/tex/latex/amsfonts/umsa.fd
"
File: umsa.fd 2013/01/14 v3.01 AMS symbols A
)
("/Users/erikgahnerlarsen/Library/Application Support/MiKTeX/texmfs/install/tex
/latex/microtype/mt-msa.cfg"
File: mt-msa.cfg 2006/02/04 v1.1 microtype config. file: AMS symbols (a) (RS)
)
LaTeX Font Info:    Try loading font information for U+msb on input line 2.
("/Library/Application Support/MiKTeX/texmfs/install/tex/latex/amsfonts/umsb.fd
"
File: umsb.fd 2013/01/14 v3.01 AMS symbols B
)
("/Users/erikgahnerlarsen/Library/Application Support/MiKTeX/texmfs/install/tex
/latex/microtype/mt-msb.cfg"
File: mt-msb.cfg 2005/06/01 v1.0 microtype config. file: AMS symbols (b) (RS)
) [3]
LaTeX Font Info:    Font shape `T1/lmtt/bx/n' in size <10> not available
(Font)              Font shape `T1/lmtt/b/n' tried instead on input line 47.

Underfull \vbox (badness 6510) has occurred while \output is active []

[4])
\tf@toc=\write5
\openout5 = `qpolr.toc'.

[5] [6

]
Chapter 1.
LaTeX Font Info:    Font shape `T1/lmtt/bx/n' in size <14.4> not available
(Font)              Font shape `T1/lmtt/b/n' tried instead on input line 170.
[7] [8]
<fig/rstudio.png, id=454, 959.585pt x 586.19pt>
File: fig/rstudio.png Graphic file (type png)
<use fig/rstudio.png>
Package pdftex.def Info: fig/rstudio.png  used on input line 306.
(pdftex.def)             Requested size: 344.99643pt x 210.75096pt.
<fig/rstudio_env.png, id=457, 1652.1725pt x 1162.3425pt>
File: fig/rstudio_env.png Graphic file (type png)
<use fig/rstudio_env.png>
Package pdftex.def Info: fig/rstudio_env.png  used on input line 317.
(pdftex.def)             Requested size: 345.00008pt x 242.71573pt.
[9] [10 <./fig/rstudio.png> <./fig/rstudio_env.png>]
Underfull \vbox (badness 10000) has occurred while \output is active []

[11]
<fig/rstudio_script.png, id=486, 739.76375pt x 542.025pt>
File: fig/rstudio_script.png Graphic file (type png)
<use fig/rstudio_script.png>
Package pdftex.def Info: fig/rstudio_script.png  used on input line 453.
(pdftex.def)             Requested size: 345.00249pt x 252.78337pt.

Underfull \vbox (badness 10000) has occurred while \output is active []

[12] [13 <./fig/rstudio_script.png>] [14]
Chapter 2.
[15

]
LaTeX Font Info:    External font `lmex10' loaded for size
(Font)              <8> on input line 558.
LaTeX Font Info:    External font `lmex10' loaded for size
(Font)              <6> on input line 558.
[16] [17] [18] [19]
Overfull \hbox (116.99866pt too wide) in paragraph at lines 884--884
[]\T1/lmtt/m/n/10 ## [1] "Conservative Party"        "Labour Party"            
  "Scottish National Party"[] 
 []


Overfull \hbox (43.49887pt too wide) in paragraph at lines 884--884
[]\T1/lmtt/m/n/10 ## [4] "Liberal Democrats"         "Democratic Unionist Party
" "Sinn Féin"[] 
 []

[20]
Overfull \hbox (116.99866pt too wide) in paragraph at lines 964--964
[]\T1/lmtt/m/n/10 ## [1] "CONSERVATIVE PARTY"        "LABOUR PARTY"            
  "SCOTTISH NATIONAL PARTY"[] 
 []


Overfull \hbox (43.49887pt too wide) in paragraph at lines 964--964
[]\T1/lmtt/m/n/10 ## [4] "LIBERAL DEMOCRATS"         "DEMOCRATIC UNIONIST PARTY
" "SINN FÉIN"[] 
 []


Overfull \hbox (116.99866pt too wide) in paragraph at lines 975--975
[]\T1/lmtt/m/n/10 ## [1] "conservative party"        "labour party"            
  "scottish national party"[] 
 []


Overfull \hbox (43.49887pt too wide) in paragraph at lines 975--975
[]\T1/lmtt/m/n/10 ## [4] "liberal democrats"         "democratic unionist party
" "sinn féin"[] 
 []


Overfull \hbox (85.49875pt too wide) in paragraph at lines 1000--1000
[]\T1/lmtt/m/n/10 ## [1] "Conservative Party"        "Labour Party"            
  "Liberal Democrats"[] 
 []


Overfull \hbox (116.99866pt too wide) in paragraph at lines 1022--1022
[]\T1/lmtt/m/n/10 ## [1] "Conservative Party"        "Labour Party"            
  "Scottish National Party"[] 
 []

[21]
Overfull \hbox (43.49887pt too wide) in paragraph at lines 1022--1022
[]\T1/lmtt/m/n/10 ## [4] "Liberal Democrats"         "Democratic Unionist Party
" "Sinn Féin"[] 
 []

[22]
Overfull \hbox (27.74892pt too wide) in paragraph at lines 1091--1091
[]\T1/lmtt/m/n/10 ##                       party          leader votes seats se
ats_change[] 
 []


Overfull \hbox (27.74892pt too wide) in paragraph at lines 1091--1091
[]\T1/lmtt/m/n/10 ## 1        Conservative Party     Theresa May  42.4   317   
       -13[] 
 []


Overfull \hbox (27.74892pt too wide) in paragraph at lines 1091--1091
[]\T1/lmtt/m/n/10 ## 2              Labour Party   Jeremy Corbyn  40.0   262   
        30[] 
 []


Overfull \hbox (27.74892pt too wide) in paragraph at lines 1091--1091
[]\T1/lmtt/m/n/10 ## 3   Scottish National Party Nicola Sturgeon   3.0    35   
       -21[] 
 []


Overfull \hbox (27.74892pt too wide) in paragraph at lines 1091--1091
[]\T1/lmtt/m/n/10 ## 4         Liberal Democrats      Tim Farron   7.4    12   
         4[] 
 []


Overfull \hbox (27.74892pt too wide) in paragraph at lines 1091--1091
[]\T1/lmtt/m/n/10 ## 5 Democratic Unionist Party   Arlene Foster   0.9    10   
         2[] 
 []


Overfull \hbox (27.74892pt too wide) in paragraph at lines 1091--1091
[]\T1/lmtt/m/n/10 ## 6                 Sinn Féin     Gerry Adams   0.7     7   
         3[] 
 []


Overfull \hbox (6.74898pt too wide) in paragraph at lines 1120--1120
[]\T1/lmtt/m/n/10 ##        party       leader        votes        seats seats_
change[] 
 []


Overfull \hbox (6.74898pt too wide) in paragraph at lines 1120--1120
[]\T1/lmtt/m/n/10 ##     "factor"     "factor"    "numeric"    "numeric"    "nu
meric"[] 
 []

LaTeX Font Info:    Try loading font information for TS1+lmtt on input line 114
0.
("/Library/Application Support/MiKTeX/texmfs/install/tex/latex/lm/ts1lmtt.fd"
File: ts1lmtt.fd 2009/10/30 v1.6 Font defs for Latin Modern
)
Overfull \hbox (48.74886pt too wide) in paragraph at lines 1140--1140
[]\T1/lmtt/m/n/10 ##  $ party       : Factor w/ 6 levels "Conservative Party",.
.: 1 3 5 4 2 6[] 
 []


Overfull \hbox (22.49893pt too wide) in paragraph at lines 1140--1140
[]\T1/lmtt/m/n/10 ##  $ leader      : Factor w/ 6 levels "Arlene Foster",..: 5 
3 4 6 1 2[] 
 []


Overfull \hbox (80.24876pt too wide) in paragraph at lines 1155--1155
[]\T1/lmtt/m/n/10 ## [1] "party"        "leader"       "votes"        "seats"  
      "seats_change"[] 
 []

[23]
Overfull \hbox (17.24895pt too wide) in paragraph at lines 1198--1198
[]\T1/lmtt/m/n/10 ##                     party          leader votes seats seat
s_change[] 
 []


Overfull \hbox (17.24895pt too wide) in paragraph at lines 1198--1198
[]\T1/lmtt/m/n/10 ## 1      Conservative Party     Theresa May  42.4   317     
     -13[] 
 []


Overfull \hbox (17.24895pt too wide) in paragraph at lines 1198--1198
[]\T1/lmtt/m/n/10 ## 2            Labour Party   Jeremy Corbyn  40.0   262     
      30[] 
 []


Overfull \hbox (17.24895pt too wide) in paragraph at lines 1198--1198
[]\T1/lmtt/m/n/10 ## 3 Scottish National Party Nicola Sturgeon   3.0    35     
     -21[] 
 []


Overfull \hbox (27.74892pt too wide) in paragraph at lines 1216--1216
[]\T1/lmtt/m/n/10 ##                       party          leader votes seats se
ats_change[] 
 []


Overfull \hbox (27.74892pt too wide) in paragraph at lines 1216--1216
[]\T1/lmtt/m/n/10 ## 3   Scottish National Party Nicola Sturgeon   3.0    35   
       -21[] 
 []


Overfull \hbox (27.74892pt too wide) in paragraph at lines 1216--1216
[]\T1/lmtt/m/n/10 ## 4         Liberal Democrats      Tim Farron   7.4    12   
         4[] 
 []


Overfull \hbox (27.74892pt too wide) in paragraph at lines 1216--1216
[]\T1/lmtt/m/n/10 ## 5 Democratic Unionist Party   Arlene Foster   0.9    10   
         2[] 
 []


Overfull \hbox (27.74892pt too wide) in paragraph at lines 1216--1216
[]\T1/lmtt/m/n/10 ## 6                 Sinn Féin     Gerry Adams   0.7     7   
         3[] 
 []

<fig/View.png, id=566, 530.98375pt x 232.87pt>
File: fig/View.png Graphic file (type png)
<use fig/View.png>
Package pdftex.def Info: fig/View.png  used on input line 1229.
(pdftex.def)             Requested size: 276.0078pt x 121.04689pt.
[24]
Overfull \hbox (95.99872pt too wide) in paragraph at lines 1287--1287
[]\T1/lmtt/m/n/10 ## 6 Levels: Conservative Party Democratic Unionist Party Lab
our Party ... Sinn Féin[] 
 []


Overfull \hbox (190.49844pt too wide) in paragraph at lines 1303--1303
[]\T1/lmtt/m/n/10 ## [1] Conservative Party        Labour Party              Sc
ottish National Party   Liberal Democrats[] 
 []


Overfull \hbox (95.99872pt too wide) in paragraph at lines 1303--1303
[]\T1/lmtt/m/n/10 ## 6 Levels: Conservative Party Democratic Unionist Party Lab
our Party ... Sinn Féin[] 
 []

[25 <./fig/View.png>]
Overfull \hbox (179.99847pt too wide) in paragraph at lines 1325--1325
[]\T1/lmtt/m/n/10 ##                        party               leader      vot
es            seats        seats_change[] 
 []


Overfull \hbox (195.74843pt too wide) in paragraph at lines 1325--1325
[]\T1/lmtt/m/n/10 ##  Conservative Party       :1   Arlene Foster  :1   Min.   
: 0.700   Min.   :  7.0   Min.   :-21.0000[] 
 []


Overfull \hbox (195.74843pt too wide) in paragraph at lines 1325--1325
[]\T1/lmtt/m/n/10 ##  Democratic Unionist Party:1   Gerry Adams    :1   1st Qu.
: 1.425   1st Qu.: 10.5   1st Qu.: -9.2500[] 
 []


Overfull \hbox (195.74843pt too wide) in paragraph at lines 1325--1325
[]\T1/lmtt/m/n/10 ##  Labour Party             :1   Jeremy Corbyn  :1   Median 
: 5.200   Median : 23.5   Median :  2.5000[] 
 []


Overfull \hbox (195.74843pt too wide) in paragraph at lines 1325--1325
[]\T1/lmtt/m/n/10 ##  Liberal Democrats        :1   Nicola Sturgeon:1   Mean   
:15.733   Mean   :107.2   Mean   :  0.8333[] 
 []


Overfull \hbox (195.74843pt too wide) in paragraph at lines 1325--1325
[]\T1/lmtt/m/n/10 ##  Scottish National Party  :1   Theresa May    :1   3rd Qu.
:31.850   3rd Qu.:205.2   3rd Qu.:  3.7500[] 
 []


Overfull \hbox (195.74843pt too wide) in paragraph at lines 1325--1325
[]\T1/lmtt/m/n/10 ##  Sinn Féin                :1   Tim Farron     :1   Max.   
:42.400   Max.   :317.0   Max.   : 30.0000[] 
 []


Overfull \hbox (95.99872pt too wide) in paragraph at lines 1354--1354
[]\T1/lmtt/m/n/10 ## 6 Levels: Conservative Party Democratic Unionist Party Lab
our Party ... Sinn Féin[] 
 []


Overfull \hbox (95.99872pt too wide) in paragraph at lines 1374--1374
[]\T1/lmtt/m/n/10 ## 6 Levels: Conservative Party Democratic Unionist Party Lab
our Party ... Sinn Féin[] 
 []


Overfull \hbox (95.99872pt too wide) in paragraph at lines 1391--1391
[]\T1/lmtt/m/n/10 ## 6 Levels: Conservative Party Democratic Unionist Party Lab
our Party ... Sinn Féin[] 
 []

[26]
Overfull \hbox (27.74892pt too wide) in paragraph at lines 1459--1459
[]\T1/lmtt/m/n/10 ##   party                     leader          votes seats se
ats_change[] 
 []


Overfull \hbox (27.74892pt too wide) in paragraph at lines 1459--1459
[]\T1/lmtt/m/n/10 ##   <fct>                     <fct>           <dbl> <dbl>   
     <dbl>[] 
 []


Overfull \hbox (27.74892pt too wide) in paragraph at lines 1459--1459
[]\T1/lmtt/m/n/10 ## 1 Conservative Party        Theresa May      42.4   317   
       -13[] 
 []


Overfull \hbox (27.74892pt too wide) in paragraph at lines 1459--1459
[]\T1/lmtt/m/n/10 ## 2 Labour Party              Jeremy Corbyn    40     262   
        30[] 
 []


Overfull \hbox (27.74892pt too wide) in paragraph at lines 1459--1459
[]\T1/lmtt/m/n/10 ## 3 Scottish National Party   Nicola Sturgeon   3      35   
       -21[] 
 []


Overfull \hbox (27.74892pt too wide) in paragraph at lines 1459--1459
[]\T1/lmtt/m/n/10 ## 4 Liberal Democrats         Tim Farron        7.4    12   
         4[] 
 []


Overfull \hbox (27.74892pt too wide) in paragraph at lines 1459--1459
[]\T1/lmtt/m/n/10 ## 5 Democratic Unionist Party Arlene Foster     0.9    10   
         2[] 
 []


Overfull \hbox (27.74892pt too wide) in paragraph at lines 1459--1459
[]\T1/lmtt/m/n/10 ## 6 Sinn Féin                 Gerry Adams       0.7     7   
         3[] 
 []

[27]
<fig/setwd.png, id=589, 468.24937pt x 319.69438pt>
File: fig/setwd.png Graphic file (type png)
<use fig/setwd.png>
Package pdftex.def Info: fig/setwd.png  used on input line 1507.
(pdftex.def)             Requested size: 172.49933pt x 117.77286pt.
[28 <./fig/setwd.png>]
Overfull \hbox (90.74873pt too wide) in paragraph at lines 1579--1579
[]\T1/lmtt/m/n/10 ##  [1] "dat"                  "leader"               "mod1" 
                "mod2"[] 
 []


Overfull \hbox (116.99866pt too wide) in paragraph at lines 1579--1579
[]\T1/lmtt/m/n/10 ##  [5] "model_retrenchment"   "p"                    "party"
                "plot.base"[] 
 []


Overfull \hbox (174.74849pt too wide) in paragraph at lines 1579--1579
[]\T1/lmtt/m/n/10 ##  [9] "plot.bw"              "plot.classic"         "plot.e
conomist"       "plot.fivethirtyeight"[] 
 []


Overfull \hbox (85.49875pt too wide) in paragraph at lines 1579--1579
[]\T1/lmtt/m/n/10 ## [13] "plot.minimal"         "plot.standard"        "plot.t
ufte"           "prw"[] 
 []


Overfull \hbox (116.99866pt too wide) in paragraph at lines 1579--1579
[]\T1/lmtt/m/n/10 ## [17] "prw_glm"              "prw_lm"               "reg_fo
rtify"          "reg_obama"[] 
 []


Overfull \hbox (143.24858pt too wide) in paragraph at lines 1579--1579
[]\T1/lmtt/m/n/10 ## [21] "reg_obama_aug"        "reg_obama_full"       "reg_ob
ama_full_tidy"  "reg_obama_tidy"[] 
 []


Overfull \hbox (101.2487pt too wide) in paragraph at lines 1579--1579
[]\T1/lmtt/m/n/10 ## [25] "seats"                "seats_change"         "states
"               "uk2017"[] 
 []


Overfull \hbox (95.99872pt too wide) in paragraph at lines 1579--1579
[]\T1/lmtt/m/n/10 ## [29] "uk2017_lm"            "uk2017_pv"            "uk2017
_seatlosers"    "votes"[] 
 []

[29]
Overfull \hbox (90.74873pt too wide) in paragraph at lines 1604--1604
[]\T1/lmtt/m/n/10 ##  [1] "dat"                  "leader"               "mod1" 
                "mod2"[] 
 []


Overfull \hbox (116.99866pt too wide) in paragraph at lines 1604--1604
[]\T1/lmtt/m/n/10 ##  [5] "model_retrenchment"   "p"                    "party"
                "plot.base"[] 
 []


Overfull \hbox (174.74849pt too wide) in paragraph at lines 1604--1604
[]\T1/lmtt/m/n/10 ##  [9] "plot.bw"              "plot.classic"         "plot.e
conomist"       "plot.fivethirtyeight"[] 
 []


Overfull \hbox (85.49875pt too wide) in paragraph at lines 1604--1604
[]\T1/lmtt/m/n/10 ## [13] "plot.minimal"         "plot.standard"        "plot.t
ufte"           "prw"[] 
 []


Overfull \hbox (116.99866pt too wide) in paragraph at lines 1604--1604
[]\T1/lmtt/m/n/10 ## [17] "prw_glm"              "prw_lm"               "reg_fo
rtify"          "reg_obama"[] 
 []


Overfull \hbox (143.24858pt too wide) in paragraph at lines 1604--1604
[]\T1/lmtt/m/n/10 ## [21] "reg_obama_aug"        "reg_obama_full"       "reg_ob
ama_full_tidy"  "reg_obama_tidy"[] 
 []


Overfull \hbox (101.2487pt too wide) in paragraph at lines 1604--1604
[]\T1/lmtt/m/n/10 ## [25] "seats"                "seats_change"         "states
"               "uk2017"[] 
 []


Overfull \hbox (95.99872pt too wide) in paragraph at lines 1604--1604
[]\T1/lmtt/m/n/10 ## [29] "uk2017_lm"            "uk2017_pv"            "uk2017
_seatlosers"    "votes"[] 
 []

[30] [31

] [32]
Chapter 3.
[33

]
Overfull \hbox (27.74892pt too wide) in paragraph at lines 1698--1698
[]\T1/lmtt/m/n/10 ##                       party          leader votes seats se
ats_change[] 
 []


Overfull \hbox (27.74892pt too wide) in paragraph at lines 1698--1698
[]\T1/lmtt/m/n/10 ## 1        Conservative Party     Theresa May  42.4   317   
       -13[] 
 []


Overfull \hbox (27.74892pt too wide) in paragraph at lines 1698--1698
[]\T1/lmtt/m/n/10 ## 2              Labour Party   Jeremy Corbyn  40.0   262   
        30[] 
 []


Overfull \hbox (27.74892pt too wide) in paragraph at lines 1698--1698
[]\T1/lmtt/m/n/10 ## 3   Scottish National Party Nicola Sturgeon   3.0    35   
       -21[] 
 []


Overfull \hbox (27.74892pt too wide) in paragraph at lines 1698--1698
[]\T1/lmtt/m/n/10 ## 4         Liberal Democrats      Tim Farron   7.4    12   
         4[] 
 []


Overfull \hbox (27.74892pt too wide) in paragraph at lines 1698--1698
[]\T1/lmtt/m/n/10 ## 5 Democratic Unionist Party   Arlene Foster   0.9    10   
         2[] 
 []


Overfull \hbox (27.74892pt too wide) in paragraph at lines 1698--1698
[]\T1/lmtt/m/n/10 ## 6                 Sinn Féin     Gerry Adams   0.7     7   
         3[] 
 []

[34]
Overfull \hbox (27.74892pt too wide) in paragraph at lines 1778--1778
[]\T1/lmtt/m/n/10 ##   votes                     party          leader seats se
ats_change[] 
 []


Overfull \hbox (27.74892pt too wide) in paragraph at lines 1778--1778
[]\T1/lmtt/m/n/10 ## 1  42.4        Conservative Party     Theresa May   317   
       -13[] 
 []


Overfull \hbox (27.74892pt too wide) in paragraph at lines 1778--1778
[]\T1/lmtt/m/n/10 ## 2  40.0              Labour Party   Jeremy Corbyn   262   
        30[] 
 []


Overfull \hbox (27.74892pt too wide) in paragraph at lines 1778--1778
[]\T1/lmtt/m/n/10 ## 3   3.0   Scottish National Party Nicola Sturgeon    35   
       -21[] 
 []


Overfull \hbox (27.74892pt too wide) in paragraph at lines 1778--1778
[]\T1/lmtt/m/n/10 ## 4   7.4         Liberal Democrats      Tim Farron    12   
         4[] 
 []


Overfull \hbox (27.74892pt too wide) in paragraph at lines 1778--1778
[]\T1/lmtt/m/n/10 ## 5   0.9 Democratic Unionist Party   Arlene Foster    10   
         2[] 
 []


Overfull \hbox (27.74892pt too wide) in paragraph at lines 1778--1778
[]\T1/lmtt/m/n/10 ## 6   0.7                 Sinn Féin     Gerry Adams     7   
         3[] 
 []


Underfull \vbox (badness 10000) has occurred while \output is active []

[35]
Overfull \hbox (17.24895pt too wide) in paragraph at lines 1819--1819
[]\T1/lmtt/m/n/10 ##                       party        leader votes seats seat
s_change[] 
 []


Overfull \hbox (17.24895pt too wide) in paragraph at lines 1819--1819
[]\T1/lmtt/m/n/10 ## 1              Labour Party Jeremy Corbyn  40.0   262     
      30[] 
 []


Overfull \hbox (17.24895pt too wide) in paragraph at lines 1819--1819
[]\T1/lmtt/m/n/10 ## 2         Liberal Democrats    Tim Farron   7.4    12     
       4[] 
 []


Overfull \hbox (17.24895pt too wide) in paragraph at lines 1819--1819
[]\T1/lmtt/m/n/10 ## 3 Democratic Unionist Party Arlene Foster   0.9    10     
       2[] 
 []


Overfull \hbox (17.24895pt too wide) in paragraph at lines 1819--1819
[]\T1/lmtt/m/n/10 ## 4                 Sinn Féin   Gerry Adams   0.7     7     
       3[] 
 []


Overfull \hbox (17.24895pt too wide) in paragraph at lines 1839--1839
[]\T1/lmtt/m/n/10 ##                     party          leader votes seats seat
s_change[] 
 []


Overfull \hbox (17.24895pt too wide) in paragraph at lines 1839--1839
[]\T1/lmtt/m/n/10 ## 1      Conservative Party     Theresa May  42.4   317     
     -13[] 
 []


Overfull \hbox (17.24895pt too wide) in paragraph at lines 1839--1839
[]\T1/lmtt/m/n/10 ## 2 Scottish National Party Nicola Sturgeon   3.0    35     
     -21[] 
 []


Overfull \hbox (27.74892pt too wide) in paragraph at lines 1871--1871
[]\T1/lmtt/m/n/10 ##                       party          leader votes seats se
ats_change[] 
 []


Overfull \hbox (27.74892pt too wide) in paragraph at lines 1871--1871
[]\T1/lmtt/m/n/10 ## 1   Scottish National Party Nicola Sturgeon   3.0    35   
       -21[] 
 []


Overfull \hbox (27.74892pt too wide) in paragraph at lines 1871--1871
[]\T1/lmtt/m/n/10 ## 2         Liberal Democrats      Tim Farron   7.4    12   
         4[] 
 []


Overfull \hbox (27.74892pt too wide) in paragraph at lines 1871--1871
[]\T1/lmtt/m/n/10 ## 3 Democratic Unionist Party   Arlene Foster   0.9    10   
         2[] 
 []


Overfull \hbox (27.74892pt too wide) in paragraph at lines 1871--1871
[]\T1/lmtt/m/n/10 ## 4                 Sinn Féin     Gerry Adams   0.7     7   
         3[] 
 []

[36]
Overfull \hbox (27.74892pt too wide) in paragraph at lines 1898--1898
[]\T1/lmtt/m/n/10 ##                       party          leader votes seats se
ats_change[] 
 []


Overfull \hbox (27.74892pt too wide) in paragraph at lines 1898--1898
[]\T1/lmtt/m/n/10 ## 1                 Sinn Féin     Gerry Adams   0.7     7   
         3[] 
 []


Overfull \hbox (27.74892pt too wide) in paragraph at lines 1898--1898
[]\T1/lmtt/m/n/10 ## 2 Democratic Unionist Party   Arlene Foster   0.9    10   
         2[] 
 []


Overfull \hbox (27.74892pt too wide) in paragraph at lines 1898--1898
[]\T1/lmtt/m/n/10 ## 3   Scottish National Party Nicola Sturgeon   3.0    35   
       -21[] 
 []


Overfull \hbox (27.74892pt too wide) in paragraph at lines 1898--1898
[]\T1/lmtt/m/n/10 ## 4         Liberal Democrats      Tim Farron   7.4    12   
         4[] 
 []


Overfull \hbox (27.74892pt too wide) in paragraph at lines 1898--1898
[]\T1/lmtt/m/n/10 ## 5              Labour Party   Jeremy Corbyn  40.0   262   
        30[] 
 []


Overfull \hbox (27.74892pt too wide) in paragraph at lines 1898--1898
[]\T1/lmtt/m/n/10 ## 6        Conservative Party     Theresa May  42.4   317   
       -13[] 
 []


Overfull \hbox (27.74892pt too wide) in paragraph at lines 1917--1917
[]\T1/lmtt/m/n/10 ##                       party          leader votes seats se
ats_change[] 
 []


Overfull \hbox (27.74892pt too wide) in paragraph at lines 1917--1917
[]\T1/lmtt/m/n/10 ## 1        Conservative Party     Theresa May  42.4   317   
       -13[] 
 []


Overfull \hbox (27.74892pt too wide) in paragraph at lines 1917--1917
[]\T1/lmtt/m/n/10 ## 2              Labour Party   Jeremy Corbyn  40.0   262   
        30[] 
 []


Overfull \hbox (27.74892pt too wide) in paragraph at lines 1917--1917
[]\T1/lmtt/m/n/10 ## 3         Liberal Democrats      Tim Farron   7.4    12   
         4[] 
 []


Overfull \hbox (27.74892pt too wide) in paragraph at lines 1917--1917
[]\T1/lmtt/m/n/10 ## 4   Scottish National Party Nicola Sturgeon   3.0    35   
       -21[] 
 []


Overfull \hbox (27.74892pt too wide) in paragraph at lines 1917--1917
[]\T1/lmtt/m/n/10 ## 5 Democratic Unionist Party   Arlene Foster   0.9    10   
         2[] 
 []


Overfull \hbox (27.74892pt too wide) in paragraph at lines 1917--1917
[]\T1/lmtt/m/n/10 ## 6                 Sinn Féin     Gerry Adams   0.7     7   
         3[] 
 []


Overfull \hbox (27.74892pt too wide) in paragraph at lines 1935--1935
[]\T1/lmtt/m/n/10 ##                       party          leader votes seats se
ats_change[] 
 []


Overfull \hbox (27.74892pt too wide) in paragraph at lines 1935--1935
[]\T1/lmtt/m/n/10 ## 1        Conservative Party     Theresa May  42.4   317   
       -13[] 
 []


Overfull \hbox (27.74892pt too wide) in paragraph at lines 1935--1935
[]\T1/lmtt/m/n/10 ## 2              Labour Party   Jeremy Corbyn  40.0   262   
        30[] 
 []


Overfull \hbox (27.74892pt too wide) in paragraph at lines 1935--1935
[]\T1/lmtt/m/n/10 ## 3         Liberal Democrats      Tim Farron   7.4    12   
         4[] 
 []


Overfull \hbox (27.74892pt too wide) in paragraph at lines 1935--1935
[]\T1/lmtt/m/n/10 ## 4   Scottish National Party Nicola Sturgeon   3.0    35   
       -21[] 
 []


Overfull \hbox (27.74892pt too wide) in paragraph at lines 1935--1935
[]\T1/lmtt/m/n/10 ## 5 Democratic Unionist Party   Arlene Foster   0.9    10   
         2[] 
 []


Overfull \hbox (27.74892pt too wide) in paragraph at lines 1935--1935
[]\T1/lmtt/m/n/10 ## 6                 Sinn Féin     Gerry Adams   0.7     7   
         3[] 
 []


Overfull \hbox (27.74892pt too wide) in paragraph at lines 1958--1958
[]\T1/lmtt/m/n/10 ##                  party_name          leader votes seats se
ats_change[] 
 []

[37]
Overfull \hbox (27.74892pt too wide) in paragraph at lines 1958--1958
[]\T1/lmtt/m/n/10 ## 1        Conservative Party     Theresa May  42.4   317   
       -13[] 
 []


Overfull \hbox (27.74892pt too wide) in paragraph at lines 1958--1958
[]\T1/lmtt/m/n/10 ## 2              Labour Party   Jeremy Corbyn  40.0   262   
        30[] 
 []


Overfull \hbox (27.74892pt too wide) in paragraph at lines 1958--1958
[]\T1/lmtt/m/n/10 ## 3   Scottish National Party Nicola Sturgeon   3.0    35   
       -21[] 
 []


Overfull \hbox (27.74892pt too wide) in paragraph at lines 1958--1958
[]\T1/lmtt/m/n/10 ## 4         Liberal Democrats      Tim Farron   7.4    12   
         4[] 
 []


Overfull \hbox (27.74892pt too wide) in paragraph at lines 1958--1958
[]\T1/lmtt/m/n/10 ## 5 Democratic Unionist Party   Arlene Foster   0.9    10   
         2[] 
 []


Overfull \hbox (27.74892pt too wide) in paragraph at lines 1958--1958
[]\T1/lmtt/m/n/10 ## 6                 Sinn Féin     Gerry Adams   0.7     7   
         3[] 
 []


Overfull \hbox (85.49875pt too wide) in paragraph at lines 1983--1983
[]\T1/lmtt/m/n/10 ##                       party          leader votes seats se
ats_change    votes_m[] 
 []


Overfull \hbox (85.49875pt too wide) in paragraph at lines 1983--1983
[]\T1/lmtt/m/n/10 ## 1        Conservative Party     Theresa May  42.4   317   
       -13  26.666667[] 
 []


Overfull \hbox (85.49875pt too wide) in paragraph at lines 1983--1983
[]\T1/lmtt/m/n/10 ## 2              Labour Party   Jeremy Corbyn  40.0   262   
        30  24.266667[] 
 []


Overfull \hbox (85.49875pt too wide) in paragraph at lines 1983--1983
[]\T1/lmtt/m/n/10 ## 3   Scottish National Party Nicola Sturgeon   3.0    35   
       -21 -12.733333[] 
 []


Overfull \hbox (85.49875pt too wide) in paragraph at lines 1983--1983
[]\T1/lmtt/m/n/10 ## 4         Liberal Democrats      Tim Farron   7.4    12   
         4  -8.333333[] 
 []


Overfull \hbox (85.49875pt too wide) in paragraph at lines 1983--1983
[]\T1/lmtt/m/n/10 ## 5 Democratic Unionist Party   Arlene Foster   0.9    10   
         2 -14.833333[] 
 []


Overfull \hbox (85.49875pt too wide) in paragraph at lines 1983--1983
[]\T1/lmtt/m/n/10 ## 6                 Sinn Féin     Gerry Adams   0.7     7   
         3 -15.033333[] 
 []


Overfull \hbox (85.49875pt too wide) in paragraph at lines 2002--2002
[]\T1/lmtt/m/n/10 ##                       party          leader votes seats se
ats_change seats_prop[] 
 []


Overfull \hbox (85.49875pt too wide) in paragraph at lines 2002--2002
[]\T1/lmtt/m/n/10 ## 1        Conservative Party     Theresa May  42.4   317   
       -13 0.49300156[] 
 []


Overfull \hbox (85.49875pt too wide) in paragraph at lines 2002--2002
[]\T1/lmtt/m/n/10 ## 2              Labour Party   Jeremy Corbyn  40.0   262   
        30 0.40746501[] 
 []


Overfull \hbox (85.49875pt too wide) in paragraph at lines 2002--2002
[]\T1/lmtt/m/n/10 ## 3   Scottish National Party Nicola Sturgeon   3.0    35   
       -21 0.05443235[] 
 []


Overfull \hbox (85.49875pt too wide) in paragraph at lines 2002--2002
[]\T1/lmtt/m/n/10 ## 4         Liberal Democrats      Tim Farron   7.4    12   
         4 0.01866252[] 
 []


Overfull \hbox (85.49875pt too wide) in paragraph at lines 2002--2002
[]\T1/lmtt/m/n/10 ## 5 Democratic Unionist Party   Arlene Foster   0.9    10   
         2 0.01555210[] 
 []


Overfull \hbox (85.49875pt too wide) in paragraph at lines 2002--2002
[]\T1/lmtt/m/n/10 ## 6                 Sinn Féin     Gerry Adams   0.7     7   
         3 0.01088647[] 
 []

[38] [39] [40]
Underfull \hbox (badness 1824) in paragraph at lines 2179--2179
[]\T1/lmr/bx/n/14.4 Aggregating variables: \T1/lmtt/b/n/14.4 summarize() \T1/lm
r/bx/n/14.4 and
 []

[41]
Overfull \hbox (169.4985pt too wide) in paragraph at lines 2250--2250
[]\T1/lmtt/m/n/10 ## [1] Theresa May     Jeremy Corbyn   Nicola Sturgeon Tim Fa
rron      Arlene Foster   Gerry Adams[] 
 []


Overfull \hbox (122.24864pt too wide) in paragraph at lines 2250--2250
[]\T1/lmtt/m/n/10 ## Levels: Arlene Foster Gerry Adams Jeremy Corbyn Nicola Stu
rgeon Theresa May Tim Farron[] 
 []


Overfull \hbox (111.74867pt too wide) in paragraph at lines 2273--2273
[]\T1/lmtt/m/n/10 ##                       party          leader votes seats se
ats_change      leader_new[] 
 []


Overfull \hbox (111.74867pt too wide) in paragraph at lines 2273--2273
[]\T1/lmtt/m/n/10 ## 1        Conservative Party     Theresa May  42.4   317   
       -13   Boris Johnson[] 
 []


Overfull \hbox (111.74867pt too wide) in paragraph at lines 2273--2273
[]\T1/lmtt/m/n/10 ## 2              Labour Party   Jeremy Corbyn  40.0   262   
        30   Jeremy Corbyn[] 
 []


Overfull \hbox (111.74867pt too wide) in paragraph at lines 2273--2273
[]\T1/lmtt/m/n/10 ## 3   Scottish National Party Nicola Sturgeon   3.0    35   
       -21 Nicola Sturgeon[] 
 []


Overfull \hbox (111.74867pt too wide) in paragraph at lines 2273--2273
[]\T1/lmtt/m/n/10 ## 4         Liberal Democrats      Tim Farron   7.4    12   
         4      Tim Farron[] 
 []


Overfull \hbox (111.74867pt too wide) in paragraph at lines 2273--2273
[]\T1/lmtt/m/n/10 ## 5 Democratic Unionist Party   Arlene Foster   0.9    10   
         2   Arlene Foster[] 
 []


Overfull \hbox (111.74867pt too wide) in paragraph at lines 2273--2273
[]\T1/lmtt/m/n/10 ## 6                 Sinn Féin     Gerry Adams   0.7     7   
         3     Gerry Adams[] 
 []

[42] [43] [44

]
Chapter 4.
[45] [46] [47] [48

]
Chapter 5.
[49]
Overfull \hbox (179.99847pt too wide) in paragraph at lines 2560--2560
[]\T1/lmtt/m/n/10 ##   [1] "abort_rank3"       "abortion_rank12"   "adv_or_more
"       "ba_or_more"        "cig_tax12"[] 
 []


Overfull \hbox (190.49844pt too wide) in paragraph at lines 2560--2560
[]\T1/lmtt/m/n/10 ##   [6] "cig_tax12_3"       "conserv_advantage" "conserv_pub
lic"    "dem_advantage"     "govt_worker"[] 
 []


Overfull \hbox (195.74843pt too wide) in paragraph at lines 2560--2560
[]\T1/lmtt/m/n/10 ##  [11] "gun_rank3"         "gun_rank11"        "gun_scale11
"       "hr_cons_rank11"    "hr_conserv11"[] 
 []


Overfull \hbox (190.49844pt too wide) in paragraph at lines 2560--2560
[]\T1/lmtt/m/n/10 ##  [16] "hr_lib_rank11"     "hr_liberal11"      "hs_or_more"
        "obama2012"         "obama_win12"[] 
 []


Overfull \hbox (185.24846pt too wide) in paragraph at lines 2560--2560
[]\T1/lmtt/m/n/10 ##  [21] "pop2000"           "pop2010"           "pop2010_hun
_thou"  "popchng0010"       "popchngpct"[] 
 []


Overfull \hbox (185.24846pt too wide) in paragraph at lines 2560--2560
[]\T1/lmtt/m/n/10 ##  [26] "pot_policy"        "prochoice"         "prolife"   
        "relig_cath"        "relig_prot"[] 
 []


Overfull \hbox (179.99847pt too wide) in paragraph at lines 2560--2560
[]\T1/lmtt/m/n/10 ##  [31] "relig_high"        "relig_low"         "religiosity
3"      "romney2012"        "smokers12"[] 
 []


Overfull \hbox (195.74843pt too wide) in paragraph at lines 2560--2560
[]\T1/lmtt/m/n/10 ##  [36] "stateid"           "to_0812"           "uninsured_p
ct"     "abort_rate05"      "abort_rate08"[] 
 []


Overfull \hbox (174.74849pt too wide) in paragraph at lines 2560--2560
[]\T1/lmtt/m/n/10 ##  [41] "abortlaw3"         "abortlaw10"        "alcohol"   
        "attend_pct"        "battle04"[] 
 []


Overfull \hbox (164.24852pt too wide) in paragraph at lines 2560--2560
[]\T1/lmtt/m/n/10 ##  [46] "blkleg"            "blkpct04"          "blkpct08"  
        "blkpct10"          "bush00"[] 
 []


Overfull \hbox (179.99847pt too wide) in paragraph at lines 2560--2560
[]\T1/lmtt/m/n/10 ##  [51] "bush04"            "carfatal"          "carfatal07"
        "cig_tax"           "cig_tax_3"[] 
 []


Overfull \hbox (179.99847pt too wide) in paragraph at lines 2560--2560
[]\T1/lmtt/m/n/10 ##  [56] "cigarettes"        "college"           "conpct_m"  
        "cons_hr06"         "cons_hr09"[] 
 []


Overfull \hbox (174.74849pt too wide) in paragraph at lines 2560--2560
[]\T1/lmtt/m/n/10 ##  [61] "cook_index"        "cook_index3"       "defexpen"  
        "demhr11"           "dem_hr09"[] 
 []


Overfull \hbox (185.24846pt too wide) in paragraph at lines 2560--2560
[]\T1/lmtt/m/n/10 ##  [66] "demnat06"          "dempct_m"          "demstate06"
        "demstate09"        "demstate13"[] 
 []


Overfull \hbox (148.49857pt too wide) in paragraph at lines 2560--2560
[]\T1/lmtt/m/n/10 ##  [71] "density"           "division"          "earmarks_pc
ap"     "evm"               "evo"[] 
 []


Overfull \hbox (206.2484pt too wide) in paragraph at lines 2560--2560
[]\T1/lmtt/m/n/10 ##  [76] "evo2012"           "evr2012"           "gay_policy"
        "gay_policy2"       "gay_policy_con"[] 
 []


Overfull \hbox (164.24852pt too wide) in paragraph at lines 2560--2560
[]\T1/lmtt/m/n/10 ##  [81] "gay_support"       "gay_support3"      "gb_win00"  
        "gb_win04"          "gore00"[] 
 []


Overfull \hbox (190.49844pt too wide) in paragraph at lines 2560--2560
[]\T1/lmtt/m/n/10 ##  [86] "gun_check"         "gun_dealer"        "gun_murder1
0"      "gun_rank_rev"      "gunlaw_rank"[] 
 []


Overfull \hbox (185.24846pt too wide) in paragraph at lines 2560--2560
[]\T1/lmtt/m/n/10 ##  [91] "gunlaw_rank3_rev"  "gunlaw_scale"      "hispanic04"
        "hispanic08"        "hispanic10"[] 
 []


Overfull \hbox (174.74849pt too wide) in paragraph at lines 2560--2560
[]\T1/lmtt/m/n/10 ##  [96] "indpct_m"          "kerry04"           "libpct_m"  
        "mccain08"          "modpct_m"[] 
 []


Overfull \hbox (164.24852pt too wide) in paragraph at lines 2560--2560
[]\T1/lmtt/m/n/10 ## [101] "nader00"           "obama08"           "obama_win08
"       "over64"            "permit"[] 
 []


Overfull \hbox (195.74843pt too wide) in paragraph at lines 2560--2560
[]\T1/lmtt/m/n/10 ## [106] "pop_18_24"         "pop_18_24_10"      "prcapinc"  
        "region"            "relig_import"[] 
 []


Overfull \hbox (190.49844pt too wide) in paragraph at lines 2560--2560
[]\T1/lmtt/m/n/10 ## [111] "religiosity"       "reppct_m"          "rtw"       
        "secularism"        "secularism3"[] 
 []


Overfull \hbox (169.4985pt too wide) in paragraph at lines 2560--2560
[]\T1/lmtt/m/n/10 ## [116] "seniority_sen2"    "south"             "state"     
        "to_0004"           "to_0408"[] 
 []


Overfull \hbox (169.4985pt too wide) in paragraph at lines 2560--2560
[]\T1/lmtt/m/n/10 ## [121] "trnout00"          "trnout04"          "unemploy"  
        "union04"           "union07"[] 
 []


Overfull \hbox (200.99841pt too wide) in paragraph at lines 2560--2560
[]\T1/lmtt/m/n/10 ## [126] "union10"           "urban"             "vep00_turno
ut"     "vep04_turnout"     "vep08_turnout"[] 
 []


Overfull \hbox (190.49844pt too wide) in paragraph at lines 2560--2560
[]\T1/lmtt/m/n/10 ## [131] "vep12_turnout"     "womleg_2007"       "womleg_2010
"       "womleg_2011"       "womleg_2015"[] 
 []


Overfull \hbox (48.74886pt too wide) in paragraph at lines 2560--2560
[]\T1/lmtt/m/n/10 ## [136] "cig_taxes"         "cig_taxes_cat"     "abortlaw3_n
ames"   "pred"[] 
 []


Overfull \hbox (43.49887pt too wide) in paragraph at lines 2589--2589
[]\T1/lmtt/m/n/10 ##      Most liberal           Liberal      Conservative Most
 conservative[] 
 []


Overfull \hbox (43.49887pt too wide) in paragraph at lines 2589--2589
[]\T1/lmtt/m/n/10 ##                 6                14                10     
           20[] 
 []

[50] [51]
Overfull \hbox (12.66362pt too wide) in paragraph at lines 2700--2700
[]\T1/lmr/bx/n/14.4 Data: Manifesto Project Dataset (\T1/lmtt/b/n/14.4 manifest
oR\T1/lmr/bx/n/14.4 ) 
 []

[52]
Underfull \hbox (badness 6575) in paragraph at lines 2750--2753
\T1/lmr/m/n/10 (+20) please see []$https : / / cran . r-[]project . org / web /
 packages / manifestoR / vignettes /
 []

[53]
<fig/githubdata.png, id=721, 791.95876pt x 178.6675pt>
File: fig/githubdata.png Graphic file (type png)
<use fig/githubdata.png>
Package pdftex.def Info: fig/githubdata.png  used on input line 2852.
(pdftex.def)             Requested size: 310.49405pt x 70.04808pt.
[54 <./fig/githubdata.png>]
Chapter 6.
[55

] [56]
<fig/wikieptable.png, id=741, 616.3025pt x 553.06625pt>
File: fig/wikieptable.png Graphic file (type png)
<use fig/wikieptable.png>
Package pdftex.def Info: fig/wikieptable.png  used on input line 3039.
(pdftex.def)             Requested size: 241.49489pt x 216.7161pt.
[57] [58 <./fig/wikieptable.png>] [59] [60] [61]
Underfull \hbox (badness 1028) in paragraph at lines 3376--3378
[]\T1/lmr/m/n/10 (+20) To get the most recent tweets from, Donald Trump, we can
 use the
 []

[62] [63] [64

] [65] [66]
Chapter 7.
LaTeX Font Info:    Font shape `T1/lmtt/bx/n' in size <24.88> not available
(Font)              Font shape `T1/lmtt/b/n' tried instead on input line 3487.
<qpolr_files/figure-latex/unnamed-chunk-175-1.pdf, id=794, 469.755pt x 325.215p
t>
File: qpolr_files/figure-latex/unnamed-chunk-175-1.pdf Graphic file (type pdf)
<use qpolr_files/figure-latex/unnamed-chunk-175-1.pdf>
Package pdftex.def Info: qpolr_files/figure-latex/unnamed-chunk-175-1.pdf  used
 on input line 3501.
(pdftex.def)             Requested size: 344.997pt x 238.84406pt.
[67

 <./qpolr_files/figure-latex/unnamed-chunk-175-1.pdf>] [68]
<qpolr_files/figure-latex/unnamed-chunk-180-1.pdf, id=814, 361.35pt x 216.81pt>

File: qpolr_files/figure-latex/unnamed-chunk-180-1.pdf Graphic file (type pdf)
<use qpolr_files/figure-latex/unnamed-chunk-180-1.pdf>
Package pdftex.def Info: qpolr_files/figure-latex/unnamed-chunk-180-1.pdf  used
 on input line 3617.
(pdftex.def)             Requested size: 345.00084pt x 207.00049pt.
[69 <./qpolr_files/figure-latex/unnamed-chunk-180-1.pdf>]
<qpolr_files/figure-latex/unnamed-chunk-181-1.pdf, id=824, 361.35pt x 216.81pt>

File: qpolr_files/figure-latex/unnamed-chunk-181-1.pdf Graphic file (type pdf)
<use qpolr_files/figure-latex/unnamed-chunk-181-1.pdf>
Package pdftex.def Info: qpolr_files/figure-latex/unnamed-chunk-181-1.pdf  used
 on input line 3630.
(pdftex.def)             Requested size: 345.00084pt x 207.00049pt.
<qpolr_files/figure-latex/unnamed-chunk-182-1.pdf, id=825, 361.35pt x 216.81pt>

File: qpolr_files/figure-latex/unnamed-chunk-182-1.pdf Graphic file (type pdf)
<use qpolr_files/figure-latex/unnamed-chunk-182-1.pdf>
Package pdftex.def Info: qpolr_files/figure-latex/unnamed-chunk-182-1.pdf  used
 on input line 3645.
(pdftex.def)             Requested size: 345.00084pt x 207.00049pt.

Underfull \vbox (badness 10000) has occurred while \output is active []

[70 <./qpolr_files/figure-latex/unnamed-chunk-181-1.pdf>]
<qpolr_files/figure-latex/unnamed-chunk-183-1.pdf, id=835, 361.35pt x 216.81pt>

File: qpolr_files/figure-latex/unnamed-chunk-183-1.pdf Graphic file (type pdf)
<use qpolr_files/figure-latex/unnamed-chunk-183-1.pdf>
Package pdftex.def Info: qpolr_files/figure-latex/unnamed-chunk-183-1.pdf  used
 on input line 3662.
(pdftex.def)             Requested size: 345.00084pt x 207.00049pt.

Underfull \vbox (badness 10000) has occurred while \output is active []

[71 <./qpolr_files/figure-latex/unnamed-chunk-182-1.pdf>]
<qpolr_files/figure-latex/unnamed-chunk-184-1.pdf, id=845, 361.35pt x 216.81pt>

File: qpolr_files/figure-latex/unnamed-chunk-184-1.pdf Graphic file (type pdf)
<use qpolr_files/figure-latex/unnamed-chunk-184-1.pdf>
Package pdftex.def Info: qpolr_files/figure-latex/unnamed-chunk-184-1.pdf  used
 on input line 3677.
(pdftex.def)             Requested size: 345.00084pt x 207.00049pt.
[72 <./qpolr_files/figure-latex/unnamed-chunk-183-1.pdf> <./qpolr_files/figure-
latex/unnamed-chunk-184-1.pdf>]
Chapter 8.
<qpolr_files/figure-latex/unnamed-chunk-185-1.pdf, id=864, 361.35pt x 216.81pt>

File: qpolr_files/figure-latex/unnamed-chunk-185-1.pdf Graphic file (type pdf)
<use qpolr_files/figure-latex/unnamed-chunk-185-1.pdf>
Package pdftex.def Info: qpolr_files/figure-latex/unnamed-chunk-185-1.pdf  used
 on input line 3724.
(pdftex.def)             Requested size: 345.00084pt x 207.00049pt.

Underfull \vbox (badness 10000) has occurred while \output is active []

[73

]
Overfull \hbox (17.24895pt too wide) in paragraph at lines 3741--3741
[]\T1/lmtt/m/n/10 ## \TS1/lmtt/m/n/10 `\T1/lmtt/m/n/10 stat_bin()\TS1/lmtt/m/n/
10 ` \T1/lmtt/m/n/10 using \TS1/lmtt/m/n/10 `\T1/lmtt/m/n/10 bins = 30\TS1/lmtt
/m/n/10 `\T1/lmtt/m/n/10 . Pick better value with \TS1/lmtt/m/n/10 `\T1/lmtt/m/
n/10 binwidth\TS1/lmtt/m/n/10 `\T1/lmtt/m/n/10 .[] 
 []

<qpolr_files/figure-latex/unnamed-chunk-186-1.pdf, id=871, 361.35pt x 216.81pt>

File: qpolr_files/figure-latex/unnamed-chunk-186-1.pdf Graphic file (type pdf)
<use qpolr_files/figure-latex/unnamed-chunk-186-1.pdf>
Package pdftex.def Info: qpolr_files/figure-latex/unnamed-chunk-186-1.pdf  used
 on input line 3743.
(pdftex.def)             Requested size: 345.00084pt x 207.00049pt.

Underfull \vbox (badness 10000) has occurred while \output is active []

[74 <./qpolr_files/figure-latex/unnamed-chunk-185-1.pdf>]
<qpolr_files/figure-latex/unnamed-chunk-187-1.pdf, id=881, 361.35pt x 216.81pt>

File: qpolr_files/figure-latex/unnamed-chunk-187-1.pdf Graphic file (type pdf)
<use qpolr_files/figure-latex/unnamed-chunk-187-1.pdf>
Package pdftex.def Info: qpolr_files/figure-latex/unnamed-chunk-187-1.pdf  used
 on input line 3757.
(pdftex.def)             Requested size: 345.00084pt x 207.00049pt.
[75 <./qpolr_files/figure-latex/unnamed-chunk-186-1.pdf> <./qpolr_files/figure-
latex/unnamed-chunk-187-1.pdf>]
<qpolr_files/figure-latex/unnamed-chunk-188-1.pdf, id=896, 361.35pt x 216.81pt>

File: qpolr_files/figure-latex/unnamed-chunk-188-1.pdf Graphic file (type pdf)
<use qpolr_files/figure-latex/unnamed-chunk-188-1.pdf>
Package pdftex.def Info: qpolr_files/figure-latex/unnamed-chunk-188-1.pdf  used
 on input line 3775.
(pdftex.def)             Requested size: 345.00084pt x 207.00049pt.
[76 <./qpolr_files/figure-latex/unnamed-chunk-188-1.pdf>]
Chapter 9.
<qpolr_files/figure-latex/unnamed-chunk-189-1.pdf, id=909, 361.35pt x 216.81pt>

File: qpolr_files/figure-latex/unnamed-chunk-189-1.pdf Graphic file (type pdf)
<use qpolr_files/figure-latex/unnamed-chunk-189-1.pdf>
Package pdftex.def Info: qpolr_files/figure-latex/unnamed-chunk-189-1.pdf  used
 on input line 3818.
(pdftex.def)             Requested size: 345.00084pt x 207.00049pt.

Underfull \vbox (badness 10000) has occurred while \output is active []

[77

]
<qpolr_files/figure-latex/unnamed-chunk-190-1.pdf, id=915, 361.35pt x 216.81pt>

File: qpolr_files/figure-latex/unnamed-chunk-190-1.pdf Graphic file (type pdf)
<use qpolr_files/figure-latex/unnamed-chunk-190-1.pdf>
Package pdftex.def Info: qpolr_files/figure-latex/unnamed-chunk-190-1.pdf  used
 on input line 3837.
(pdftex.def)             Requested size: 345.00084pt x 207.00049pt.

Underfull \vbox (badness 10000) has occurred while \output is active []

[78 <./qpolr_files/figure-latex/unnamed-chunk-189-1.pdf>]
<qpolr_files/figure-latex/unnamed-chunk-191-1.pdf, id=925, 361.35pt x 216.81pt>

File: qpolr_files/figure-latex/unnamed-chunk-191-1.pdf Graphic file (type pdf)
<use qpolr_files/figure-latex/unnamed-chunk-191-1.pdf>
Package pdftex.def Info: qpolr_files/figure-latex/unnamed-chunk-191-1.pdf  used
 on input line 3852.
(pdftex.def)             Requested size: 345.00084pt x 207.00049pt.
[79 <./qpolr_files/figure-latex/unnamed-chunk-190-1.pdf> <./qpolr_files/figure-
latex/unnamed-chunk-191-1.pdf>]
<qpolr_files/figure-latex/unnamed-chunk-192-1.pdf, id=941, 361.35pt x 216.81pt>

File: qpolr_files/figure-latex/unnamed-chunk-192-1.pdf Graphic file (type pdf)
<use qpolr_files/figure-latex/unnamed-chunk-192-1.pdf>
Package pdftex.def Info: qpolr_files/figure-latex/unnamed-chunk-192-1.pdf  used
 on input line 3871.
(pdftex.def)             Requested size: 345.00084pt x 207.00049pt.
<qpolr_files/figure-latex/unnamed-chunk-193-1.pdf, id=942, 361.35pt x 216.81pt>

File: qpolr_files/figure-latex/unnamed-chunk-193-1.pdf Graphic file (type pdf)
<use qpolr_files/figure-latex/unnamed-chunk-193-1.pdf>
Package pdftex.def Info: qpolr_files/figure-latex/unnamed-chunk-193-1.pdf  used
 on input line 3885.
(pdftex.def)             Requested size: 345.00084pt x 207.00049pt.

Underfull \vbox (badness 10000) has occurred while \output is active []

[80 <./qpolr_files/figure-latex/unnamed-chunk-192-1.pdf>] [81 <./qpolr_files/fi
gure-latex/unnamed-chunk-193-1.pdf>] [82

]
Chapter 10.

Underfull \hbox (badness 2020) in paragraph at lines 3923--3928
[]\T1/lmr/m/n/10 (+20) Figure []10.1[] shows the look of the different themes. 
The order is:
 []

<qpolr_files/figure-latex/ggthemes-1.pdf, id=974, 361.35pt x 433.62pt>
File: qpolr_files/figure-latex/ggthemes-1.pdf Graphic file (type pdf)
<use qpolr_files/figure-latex/ggthemes-1.pdf>
Package pdftex.def Info: qpolr_files/figure-latex/ggthemes-1.pdf  used on input
 line 3931.
(pdftex.def)             Requested size: 345.00084pt x 414.001pt.
[83] [84 <./qpolr_files/figure-latex/ggthemes-1.pdf>]
<qpolr_files/figure-latex/unnamed-chunk-194-1.pdf, id=994, 361.35pt x 216.81pt>

File: qpolr_files/figure-latex/unnamed-chunk-194-1.pdf Graphic file (type pdf)
<use qpolr_files/figure-latex/unnamed-chunk-194-1.pdf>
Package pdftex.def Info: qpolr_files/figure-latex/unnamed-chunk-194-1.pdf  used
 on input line 3952.
(pdftex.def)             Requested size: 345.00084pt x 207.00049pt.
<qpolr_files/figure-latex/unnamed-chunk-195-1.pdf, id=995, 361.35pt x 216.81pt>

File: qpolr_files/figure-latex/unnamed-chunk-195-1.pdf Graphic file (type pdf)
<use qpolr_files/figure-latex/unnamed-chunk-195-1.pdf>
Package pdftex.def Info: qpolr_files/figure-latex/unnamed-chunk-195-1.pdf  used
 on input line 3970.
(pdftex.def)             Requested size: 345.00084pt x 207.00049pt.

Underfull \vbox (badness 10000) has occurred while \output is active []

[85 <./qpolr_files/figure-latex/unnamed-chunk-194-1.pdf>]
<qpolr_files/figure-latex/unnamed-chunk-196-1.pdf, id=1006, 361.35pt x 216.81pt
>
File: qpolr_files/figure-latex/unnamed-chunk-196-1.pdf Graphic file (type pdf)
<use qpolr_files/figure-latex/unnamed-chunk-196-1.pdf>
Package pdftex.def Info: qpolr_files/figure-latex/unnamed-chunk-196-1.pdf  used
 on input line 3986.
(pdftex.def)             Requested size: 345.00084pt x 207.00049pt.
[86 <./qpolr_files/figure-latex/unnamed-chunk-195-1.pdf> <./qpolr_files/figure-
latex/unnamed-chunk-196-1.pdf>]
<qpolr_files/figure-latex/unnamed-chunk-197-1.pdf, id=1021, 361.35pt x 216.81pt
>
File: qpolr_files/figure-latex/unnamed-chunk-197-1.pdf Graphic file (type pdf)
<use qpolr_files/figure-latex/unnamed-chunk-197-1.pdf>
Package pdftex.def Info: qpolr_files/figure-latex/unnamed-chunk-197-1.pdf  used
 on input line 4001.
(pdftex.def)             Requested size: 345.00084pt x 207.00049pt.
<qpolr_files/figure-latex/unnamed-chunk-198-1.pdf, id=1022, 361.35pt x 216.81pt
>
File: qpolr_files/figure-latex/unnamed-chunk-198-1.pdf Graphic file (type pdf)
<use qpolr_files/figure-latex/unnamed-chunk-198-1.pdf>
Package pdftex.def Info: qpolr_files/figure-latex/unnamed-chunk-198-1.pdf  used
 on input line 4018.
(pdftex.def)             Requested size: 345.00084pt x 207.00049pt.

Underfull \vbox (badness 10000) has occurred while \output is active []

[87 <./qpolr_files/figure-latex/unnamed-chunk-197-1.pdf>]
<qpolr_files/figure-latex/unnamed-chunk-199-1.pdf, id=1032, 361.35pt x 361.35pt
>
File: qpolr_files/figure-latex/unnamed-chunk-199-1.pdf Graphic file (type pdf)
<use qpolr_files/figure-latex/unnamed-chunk-199-1.pdf>
Package pdftex.def Info: qpolr_files/figure-latex/unnamed-chunk-199-1.pdf  used
 on input line 4042.
(pdftex.def)             Requested size: 345.00084pt x 345.00084pt.

Underfull \vbox (badness 10000) has occurred while \output is active []

[88 <./qpolr_files/figure-latex/unnamed-chunk-198-1.pdf>]
<qpolr_files/figure-latex/unnamed-chunk-200-1.pdf, id=1046, 361.35pt x 361.35pt
>
File: qpolr_files/figure-latex/unnamed-chunk-200-1.pdf Graphic file (type pdf)
<use qpolr_files/figure-latex/unnamed-chunk-200-1.pdf>
Package pdftex.def Info: qpolr_files/figure-latex/unnamed-chunk-200-1.pdf  used
 on input line 4063.
(pdftex.def)             Requested size: 345.00084pt x 345.00084pt.

Underfull \vbox (badness 7963) has occurred while \output is active []

[89 <./qpolr_files/figure-latex/unnamed-chunk-199-1.pdf>] [90 <./qpolr_files/fi
gure-latex/unnamed-chunk-200-1.pdf>]
<qpolr_files/figure-latex/unnamed-chunk-201-1.pdf, id=1073, 505.89pt x 361.35pt
>
File: qpolr_files/figure-latex/unnamed-chunk-201-1.pdf Graphic file (type pdf)
<use qpolr_files/figure-latex/unnamed-chunk-201-1.pdf>
Package pdftex.def Info: qpolr_files/figure-latex/unnamed-chunk-201-1.pdf  used
 on input line 4089.
(pdftex.def)             Requested size: 345.00414pt x 246.43153pt.
<qpolr_files/figure-latex/unnamed-chunk-202-1.pdf, id=1074, 505.89pt x 361.35pt
>
File: qpolr_files/figure-latex/unnamed-chunk-202-1.pdf Graphic file (type pdf)
<use qpolr_files/figure-latex/unnamed-chunk-202-1.pdf>
Package pdftex.def Info: qpolr_files/figure-latex/unnamed-chunk-202-1.pdf  used
 on input line 4114.
(pdftex.def)             Requested size: 345.00414pt x 246.43153pt.
[91 <./qpolr_files/figure-latex/unnamed-chunk-201-1.pdf>]
<qpolr_files/figure-latex/unnamed-chunk-203-1.pdf, id=1089, 505.89pt x 361.35pt
>
File: qpolr_files/figure-latex/unnamed-chunk-203-1.pdf Graphic file (type pdf)
<use qpolr_files/figure-latex/unnamed-chunk-203-1.pdf>
Package pdftex.def Info: qpolr_files/figure-latex/unnamed-chunk-203-1.pdf  used
 on input line 4141.
(pdftex.def)             Requested size: 345.00414pt x 246.43153pt.

Underfull \vbox (badness 7685) has occurred while \output is active []

[92 <./qpolr_files/figure-latex/unnamed-chunk-202-1.pdf>] [93 <./qpolr_files/fi
gure-latex/unnamed-chunk-203-1.pdf>]
<qpolr_files/figure-latex/unnamed-chunk-204-1.pdf, id=1118, 505.89pt x 361.35pt
>
File: qpolr_files/figure-latex/unnamed-chunk-204-1.pdf Graphic file (type pdf)
<use qpolr_files/figure-latex/unnamed-chunk-204-1.pdf>
Package pdftex.def Info: qpolr_files/figure-latex/unnamed-chunk-204-1.pdf  used
 on input line 4175.
(pdftex.def)             Requested size: 345.00414pt x 246.43153pt.
[94 <./qpolr_files/figure-latex/unnamed-chunk-204-1.pdf>] [95

] [96]
Chapter 11.
[97

] [98]
Overfull \hbox (43.49887pt too wide) in paragraph at lines 4350--4350
[]\T1/lmtt/m/n/10 ##   term         estimate std.error statistic  p.value conf.
low conf.high[] 
 []


Overfull \hbox (43.49887pt too wide) in paragraph at lines 4350--4350
[]\T1/lmtt/m/n/10 ##   <chr>           <dbl>     <dbl>     <dbl>    <dbl>    <d
bl>     <dbl>[] 
 []


Overfull \hbox (38.24889pt too wide) in paragraph at lines 4350--4350
[]\T1/lmtt/m/n/10 ## 1 (Intercept)    35.3       2.30      15.3  3.82e-20   30.
6       39.9[] 
 []


Overfull \hbox (43.49887pt too wide) in paragraph at lines 4350--4350
[]\T1/lmtt/m/n/10 ## 2 abort_rate08    0.826     0.130      6.37 6.91e- 8    0.
565      1.09[] 
 []


Overfull \hbox (195.74843pt too wide) in paragraph at lines 4367--4367
[]\T1/lmtt/m/n/10 ##   r.squared adj.r.squared sigma statistic      p.value    
df logLik   AIC   BIC deviance df.residual[] 
 []


Overfull \hbox (195.74843pt too wide) in paragraph at lines 4367--4367
[]\T1/lmtt/m/n/10 ##       <dbl>         <dbl> <dbl>     <dbl>        <dbl> <in
t>  <dbl> <dbl> <dbl>    <dbl>       <int>[] 
 []


Overfull \hbox (195.74843pt too wide) in paragraph at lines 4367--4367
[]\T1/lmtt/m/n/10 ## 1     0.458         0.446  7.65      40.5 0.0000000691    
 2  -172.  349.  355.    2812.          48[] 
 []


Overfull \hbox (90.74873pt too wide) in paragraph at lines 4400--4400
[]\T1/lmtt/m/n/10 ##   obama2012 abort_rate08 .fitted .se.fit .resid   .hat .si
gma .cooksd .std.resid[] 
 []


Overfull \hbox (90.74873pt too wide) in paragraph at lines 4400--4400
[]\T1/lmtt/m/n/10 ##       <dbl>        <dbl>   <dbl>   <dbl>  <dbl>  <dbl>  <d
bl>   <dbl>      <dbl>[] 
 []


Overfull \hbox (90.74873pt too wide) in paragraph at lines 4400--4400
[]\T1/lmtt/m/n/10 ## 1      40.8         12      45.2    1.18  -4.36 0.0238   7
.71 0.00404     -0.576[] 
 []


Overfull \hbox (90.74873pt too wide) in paragraph at lines 4400--4400
[]\T1/lmtt/m/n/10 ## 2      38.4         12      45.2    1.18  -6.81 0.0238   7
.67 0.00986     -0.900[] 
 []


Overfull \hbox (90.74873pt too wide) in paragraph at lines 4400--4400
[]\T1/lmtt/m/n/10 ## 3      36.9          8.7    42.4    1.41  -5.56 0.0338   7
.69 0.00954     -0.739[] 
 []


Overfull \hbox (90.74873pt too wide) in paragraph at lines 4400--4400
[]\T1/lmtt/m/n/10 ## 4      44.4         15.2    47.8    1.08  -3.36 0.0201   7
.72 0.00201     -0.443[] 
 []


Overfull \hbox (90.74873pt too wide) in paragraph at lines 4400--4400
[]\T1/lmtt/m/n/10 ## 5      60.2         27.6    58.0    1.89   2.14 0.0612   7
.73 0.00272      0.289[] 
 []


Overfull \hbox (90.74873pt too wide) in paragraph at lines 4400--4400
[]\T1/lmtt/m/n/10 ## 6      51.4         15.7    48.2    1.08   3.23 0.0200   7
.72 0.00185      0.426[] 
 []

[99]
<qpolr_files/figure-latex/unnamed-chunk-218-1.pdf, id=1155, 469.755pt x 325.215
pt>
File: qpolr_files/figure-latex/unnamed-chunk-218-1.pdf Graphic file (type pdf)
<use qpolr_files/figure-latex/unnamed-chunk-218-1.pdf>
Package pdftex.def Info: qpolr_files/figure-latex/unnamed-chunk-218-1.pdf  used
 on input line 4415.
(pdftex.def)             Requested size: 344.997pt x 238.84406pt.

Overfull \hbox (1.499pt too wide) in paragraph at lines 4461--4461
[]\T1/lmtt/m/n/10 ## lm(formula = obama2012 ~ abort_rate08 + density, data = st
ates)[] 
 []

[100 <./qpolr_files/figure-latex/unnamed-chunk-218-1.pdf>]
<qpolr_files/figure-latex/unnamed-chunk-223-1.pdf, id=1165, 469.755pt x 325.215
pt>
File: qpolr_files/figure-latex/unnamed-chunk-223-1.pdf Graphic file (type pdf)
<use qpolr_files/figure-latex/unnamed-chunk-223-1.pdf>
Package pdftex.def Info: qpolr_files/figure-latex/unnamed-chunk-223-1.pdf  used
 on input line 4498.
(pdftex.def)             Requested size: 344.997pt x 238.84406pt.

Underfull \vbox (badness 10000) has occurred while \output is active []

[101]
<qpolr_files/figure-latex/unnamed-chunk-224-1.pdf, id=1170, 469.755pt x 325.215
pt>
File: qpolr_files/figure-latex/unnamed-chunk-224-1.pdf Graphic file (type pdf)
<use qpolr_files/figure-latex/unnamed-chunk-224-1.pdf>
Package pdftex.def Info: qpolr_files/figure-latex/unnamed-chunk-224-1.pdf  used
 on input line 4516.
(pdftex.def)             Requested size: 344.997pt x 238.84406pt.

Underfull \vbox (badness 10000) has occurred while \output is active []

[102 <./qpolr_files/figure-latex/unnamed-chunk-223-1.pdf>] [103 <./qpolr_files/
figure-latex/unnamed-chunk-224-1.pdf>]
<qpolr_files/figure-latex/unnamed-chunk-227-1.pdf, id=1195, 469.755pt x 325.215
pt>
File: qpolr_files/figure-latex/unnamed-chunk-227-1.pdf Graphic file (type pdf)
<use qpolr_files/figure-latex/unnamed-chunk-227-1.pdf>
Package pdftex.def Info: qpolr_files/figure-latex/unnamed-chunk-227-1.pdf  used
 on input line 4584.
(pdftex.def)             Requested size: 344.997pt x 238.84406pt.
<qpolr_files/figure-latex/unnamed-chunk-228-1.pdf, id=1196, 469.755pt x 325.215
pt>
File: qpolr_files/figure-latex/unnamed-chunk-228-1.pdf Graphic file (type pdf)
<use qpolr_files/figure-latex/unnamed-chunk-228-1.pdf>
Package pdftex.def Info: qpolr_files/figure-latex/unnamed-chunk-228-1.pdf  used
 on input line 4600.
(pdftex.def)             Requested size: 344.997pt x 238.84406pt.

Underfull \vbox (badness 2334) has occurred while \output is active []

[104 <./qpolr_files/figure-latex/unnamed-chunk-227-1.pdf>]
<qpolr_files/figure-latex/unnamed-chunk-229-1.pdf, id=1207, 469.755pt x 325.215
pt>
File: qpolr_files/figure-latex/unnamed-chunk-229-1.pdf Graphic file (type pdf)
<use qpolr_files/figure-latex/unnamed-chunk-229-1.pdf>
Package pdftex.def Info: qpolr_files/figure-latex/unnamed-chunk-229-1.pdf  used
 on input line 4615.
(pdftex.def)             Requested size: 344.997pt x 238.84406pt.

Underfull \vbox (badness 10000) has occurred while \output is active []

[105 <./qpolr_files/figure-latex/unnamed-chunk-228-1.pdf>]
LaTeX Font Info:    Try loading font information for TS1+lmr on input line 4624
.
("/Library/Application Support/MiKTeX/texmfs/install/tex/latex/lm/ts1lmr.fd"
File: ts1lmr.fd 2009/10/30 v1.6 Font defs for Latin Modern
)
Overfull \hbox (1.499pt too wide) in paragraph at lines 4696--4696
[]\T1/lmtt/m/n/10 ## lm(formula = obama2012 ~ abort_rate08 + density, data = st
ates)[] 
 []

[106 <./qpolr_files/figure-latex/unnamed-chunk-229-1.pdf>] [107] [108

]
Chapter 12.
[109]
Overfull \hbox (27.74892pt too wide) in paragraph at lines 4833--4833
[]\T1/lmtt/m/n/10 ## glm(formula = retrenchment ~ rwgov, family = "binomial", d
ata = prw)[] 
 []

[110] [111]
<qpolr_files/figure-latex/unnamed-chunk-240-1.pdf, id=1251, 469.755pt x 325.215
pt>
File: qpolr_files/figure-latex/unnamed-chunk-240-1.pdf Graphic file (type pdf)
<use qpolr_files/figure-latex/unnamed-chunk-240-1.pdf>
Package pdftex.def Info: qpolr_files/figure-latex/unnamed-chunk-240-1.pdf  used
 on input line 4921.
(pdftex.def)             Requested size: 344.997pt x 238.84406pt.

Underfull \vbox (badness 10000) has occurred while \output is active []

[112 <./qpolr_files/figure-latex/unnamed-chunk-240-1.pdf>] [113] [114

] [115] [116]
Chapter 13.

Overfull \hbox (85.49875pt too wide) in paragraph at lines 4997--4997
[]\T1/lmtt/m/n/10 ## \text{mpg} = \alpha + \beta_{1}(\text{cyl}) + \beta_{2}(\t
ext{disp}) + \epsilon[] 
 []

[117

]
Overfull \hbox (27.74892pt too wide) in paragraph at lines 5020--5020
[]\T1/lmtt/m/n/10 ## \text{mpg} = 34.66 - 1.59(\text{cyl}) - 0.02(\text{disp}) 
+ \epsilon[] 
 []


Overfull \hbox (311.2481pt too wide) in paragraph at lines 5046--5046
[]\T1/lmtt/m/n/10 ## \text{mpg} = \alpha + \beta_{1}(\text{cyl}) + \beta_{2}(\t
ext{disp}) + \beta_{3}(\text{cyl} \times \text{disp}) + \epsilon[] 
 []

[118]
Chapter 14.
[119

]
Overfull \hbox (11.99896pt too wide) in paragraph at lines 5139--5139
[]\T1/lmtt/m/n/10 ## ==========================================================
=======[] 
 []


Overfull \hbox (11.99896pt too wide) in paragraph at lines 5139--5139
[]\T1/lmtt/m/n/10 ##                     --------------------------------------
-------[] 
 []


Overfull \hbox (11.99896pt too wide) in paragraph at lines 5139--5139
[]\T1/lmtt/m/n/10 ## ----------------------------------------------------------
-------[] 
 []


Overfull \hbox (11.99896pt too wide) in paragraph at lines 5139--5139
[]\T1/lmtt/m/n/10 ## ----------------------------------------------------------
-------[] 
 []


Overfull \hbox (11.99896pt too wide) in paragraph at lines 5139--5139
[]\T1/lmtt/m/n/10 ## F Statistic         40.521*** (df = 1; 48) 21.827*** (df =
 2; 47)[] 
 []


Overfull \hbox (11.99896pt too wide) in paragraph at lines 5139--5139
[]\T1/lmtt/m/n/10 ## ==========================================================
=======[] 
 []


Overfull \hbox (11.99896pt too wide) in paragraph at lines 5139--5139
[]\T1/lmtt/m/n/10 ## Note:                                 *p<0.1; **p<0.05; **
*p<0.01[] 
 []

[120] [121] [122

]
Underfull \hbox (badness 1466) in paragraph at lines 5197--5201
 []\T1/lmr/m/n/10 (+20) Coppedge, M., Gerring, J., Lindberg, S. I., Skaaning, S
.-E., Teorell,
 []


Underfull \hbox (badness 1430) in paragraph at lines 5197--5201
 \T1/lmr/m/n/10 (+20) J., Altman, D., ... Staton, J. (2017). V-Dem Codebook v7.
1.
 []


Underfull \hbox (badness 3058) in paragraph at lines 5197--5201
 \T1/lmr/m/n/10 (+20) Varieties of Democracy (V-Dem) Project. Retrieved from []
$https :
 []


Underfull \vbox (badness 10000) has occurred while \output is active []

[123

]
Package atveryend Info: Empty hook `BeforeClearDocument' on input line 5284.
[124]
Package atveryend Info: Empty hook `AfterLastShipout' on input line 5284.
(qpolr.aux)
Package atveryend Info: Executing hook `AtVeryEndDocument' on input line 5284.
Package atveryend Info: Executing hook `AtEndAfterFileList' on input line 5284.

Package rerunfilecheck Info: File `qpolr.out' has not changed.
(rerunfilecheck)             Checksum: 0732C951D3BEA0121299A3670ACF6D1F;12346.

LaTeX Warning: There were multiply-defined labels.

Package atveryend Info: Empty hook `AtVeryVeryEnd' on input line 5284.
 ) 
Here is how much of TeX's memory you used:
 13387 strings out of 494865
 204157 string characters out of 3177280
 298103 words of memory out of 3000000
 16412 multiletter control sequences out of 15000+200000
 93219 words of font info for 147 fonts, out of 3000000 for 9000
 0 hyphenation exceptions out of 8191
 32i,8n,38p,970b,455s stack positions out of 5000i,500n,10000p,200000b,50000s
{/Library/Application Support/MiKTeX/texmfs/install/fonts/enc/dvips/lm/lm-ts1
.enc}{/Library/Application Support/MiKTeX/texmfs/install/fonts/enc/dvips/lm/lm-
rm.enc}{/Library/Application Support/MiKTeX/texmfs/install/fonts/enc/dvips/lm/l
m-mathit.enc}{/Library/Application Support/MiKTeX/texmfs/install/fonts/enc/dvip
s/lm/lm-ec.enc}{/Library/Application Support/MiKTeX/texmfs/install/fonts/enc/dv
ips/lm/lm-mathsy.enc}</Library/Application Support/MiKTeX/texmfs/install/fonts/
type1/public/lm/lmbx10.pfb></Library/Application Support/MiKTeX/texmfs/install/
fonts/type1/public/lm/lmbx12.pfb></Library/Application Support/MiKTeX/texmfs/in
stall/fonts/type1/public/lm/lmmi10.pfb></Library/Application Support/MiKTeX/tex
mfs/install/fonts/type1/public/lm/lmr10.pfb></Library/Application Support/MiKTe
X/texmfs/install/fonts/type1/public/lm/lmr17.pfb></Library/Application Support/
MiKTeX/texmfs/install/fonts/type1/public/lm/lmr6.pfb></Library/Application Supp
ort/MiKTeX/texmfs/install/fonts/type1/public/lm/lmr7.pfb></Library/Application 
Support/MiKTeX/texmfs/install/fonts/type1/public/lm/lmr8.pfb></Library/Applicat
ion Support/MiKTeX/texmfs/install/fonts/type1/public/lm/lmri10.pfb></Library/Ap
plication Support/MiKTeX/texmfs/install/fonts/type1/public/lm/lmri12.pfb></Libr
ary/Application Support/MiKTeX/texmfs/install/fonts/type1/public/lm/lmri8.pfb><
/Library/Application Support/MiKTeX/texmfs/install/fonts/type1/public/lm/lmro10
.pfb></Library/Application Support/MiKTeX/texmfs/install/fonts/type1/public/lm/
lmsy10.pfb></Library/Application Support/MiKTeX/texmfs/install/fonts/type1/publ
ic/lm/lmtk10.pfb></Library/Application Support/MiKTeX/texmfs/install/fonts/type
1/public/lm/lmtt10.pfb></Library/Application Support/MiKTeX/texmfs/install/font
s/type1/public/lm/lmtt8.pfb></Library/Application Support/MiKTeX/texmfs/install
/fonts/type1/public/lm/lmtti10.pfb></Library/Application Support/MiKTeX/texmfs/
install/fonts/type1/public/lm/lmtto10.pfb>
Output written on qpolr.pdf (124 pages, 2004770 bytes).
PDF statistics:
 1494 PDF objects out of 1728 (max. 8388607)
 278 named destinations out of 1000 (max. 500000)
 19278 words of extra memory for PDF output out of 20736 (max. 10000000)

